[03:21:03] 1347 drivers to process
[03:21:03]   full cache hits: 221
[03:21:03]   stub cache (will re-fetch): 1126
[03:21:03]   need live fetch: 0
[03:21:03] Launching 3 Playwright workers ...
[03:21:09]   154/1347 (11%) ? 153 cached, 148 with links, 0 errors ? 5s
[03:21:14]   157/1347 (11%) ? 153 cached, 151 with links, 0 errors ? 10s
[03:21:19]   162/1347 (12%) ? 153 cached, 156 with links, 0 errors ? 15s
[03:21:24]   165/1347 (12%) ? 153 cached, 159 with links, 0 errors ? 20s
[03:21:29]   168/1347 (12%) ? 153 cached, 162 with links, 0 errors ? 25s
[03:21:34]   171/1347 (12%) ? 153 cached, 165 with links, 0 errors ? 30s
[03:21:39]   176/1347 (13%) ? 153 cached, 170 with links, 0 errors ? 35s
[03:21:44]   179/1347 (13%) ? 153 cached, 173 with links, 0 errors ? 40s
[03:21:49]   182/1347 (13%) ? 153 cached, 176 with links, 0 errors ? 45s
[03:21:54]   185/1347 (13%) ? 153 cached, 179 with links, 0 errors ? 50s
[03:21:59]   188/1347 (13%) ? 153 cached, 182 with links, 0 errors ? 55s
[03:22:04]   194/1347 (14%) ? 153 cached, 188 with links, 0 errors ? 60s
[03:22:09]   197/1347 (14%) ? 153 cached, 191 with links, 0 errors ? 65s
[03:22:14]   200/1347 (14%) ? 153 cached, 194 with links, 0 errors ? 70s
[03:22:19]   203/1347 (15%) ? 153 cached, 197 with links, 0 errors ? 75s
[03:22:24]   207/1347 (15%) ? 153 cached, 201 with links, 0 errors ? 80s
[03:22:29]   210/1347 (15%) ? 153 cached, 204 with links, 0 errors ? 85s
[03:22:34]   214/1347 (15%) ? 153 cached, 208 with links, 0 errors ? 90s
[03:22:39]   217/1347 (16%) ? 153 cached, 211 with links, 0 errors ? 95s
[03:22:44]   221/1347 (16%) ? 154 cached, 214 with links, 0 errors ? 100s
[03:22:49]   225/1347 (16%) ? 154 cached, 218 with links, 0 errors ? 105s
[03:22:54]   228/1347 (16%) ? 154 cached, 221 with links, 0 errors ? 110s
[03:22:59]   231/1347 (17%) ? 154 cached, 224 with links, 0 errors ? 115s
[03:23:04]   234/1347 (17%) ? 154 cached, 225 with links, 0 errors ? 120s
[03:23:09]   237/1347 (17%) ? 154 cached, 226 with links, 0 errors ? 125s
[03:23:14]   241/1347 (17%) ? 154 cached, 230 with links, 0 errors ? 130s
[03:23:19]   244/1347 (18%) ? 154 cached, 233 with links, 0 errors ? 135s
[03:23:24]   248/1347 (18%) ? 154 cached, 237 with links, 0 errors ? 141s
[03:23:29]   251/1347 (18%) ? 154 cached, 240 with links, 0 errors ? 146s
[03:23:34]   255/1347 (18%) ? 154 cached, 244 with links, 0 errors ? 151s
[03:23:39]   258/1347 (19%) ? 154 cached, 247 with links, 0 errors ? 156s
[03:23:44]   261/1347 (19%) ? 154 cached, 250 with links, 0 errors ? 161s
[03:23:49]   264/1347 (19%) ? 154 cached, 253 with links, 0 errors ? 166s
[03:23:54]   268/1347 (19%) ? 154 cached, 257 with links, 0 errors ? 171s
[03:23:59]   270/1347 (20%) ? 154 cached, 259 with links, 0 errors ? 176s
[03:24:04]   273/1347 (20%) ? 154 cached, 262 with links, 0 errors ? 181s
[03:24:09]   276/1347 (20%) ? 154 cached, 265 with links, 0 errors ? 186s
[03:24:14]   278/1347 (20%) ? 154 cached, 267 with links, 0 errors ? 191s
[03:24:19]   281/1347 (20%) ? 154 cached, 270 with links, 0 errors ? 196s
[03:24:24]   286/1347 (21%) ? 154 cached, 275 with links, 0 errors ? 201s
[03:24:29]   289/1347 (21%) ? 154 cached, 278 with links, 0 errors ? 206s
[03:24:34]   294/1347 (21%) ? 154 cached, 283 with links, 0 errors ? 211s
[03:24:39]   297/1347 (22%) ? 154 cached, 286 with links, 0 errors ? 216s
[03:24:44]   302/1347 (22%) ? 154 cached, 291 with links, 0 errors ? 221s
[03:24:49]   305/1347 (22%) ? 154 cached, 294 with links, 0 errors ? 226s
[03:24:54]   308/1347 (22%) ? 154 cached, 297 with links, 0 errors ? 231s
[03:24:59]   312/1347 (23%) ? 154 cached, 301 with links, 0 errors ? 236s
[03:25:04]   316/1347 (23%) ? 154 cached, 305 with links, 0 errors ? 241s
[03:25:09]   320/1347 (23%) ? 154 cached, 309 with links, 0 errors ? 246s
[03:25:14]   324/1347 (24%) ? 154 cached, 313 with links, 0 errors ? 251s
[03:25:20]   328/1347 (24%) ? 154 cached, 317 with links, 0 errors ? 256s
[03:25:25]   331/1347 (24%) ? 154 cached, 319 with links, 0 errors ? 261s
[03:25:30]   335/1347 (24%) ? 155 cached, 323 with links, 0 errors ? 266s
[03:25:35]   339/1347 (25%) ? 155 cached, 327 with links, 0 errors ? 271s
[03:25:40]   342/1347 (25%) ? 155 cached, 330 with links, 0 errors ? 276s
[03:25:45]   346/1347 (25%) ? 155 cached, 334 with links, 0 errors ? 281s
[03:25:50]   350/1347 (25%) ? 155 cached, 338 with links, 0 errors ? 286s
[03:25:55]   355/1347 (26%) ? 156 cached, 343 with links, 0 errors ? 291s
[03:26:00]   359/1347 (26%) ? 156 cached, 346 with links, 0 errors ? 296s
[03:26:05]   363/1347 (26%) ? 156 cached, 349 with links, 0 errors ? 301s
[03:26:10]   366/1347 (27%) ? 156 cached, 352 with links, 0 errors ? 306s
[03:26:15]   371/1347 (27%) ? 156 cached, 357 with links, 0 errors ? 311s
[03:26:20]   375/1347 (27%) ? 156 cached, 361 with links, 0 errors ? 316s
[03:26:25]   379/1347 (28%) ? 157 cached, 365 with links, 0 errors ? 321s
[03:26:30]   382/1347 (28%) ? 157 cached, 368 with links, 0 errors ? 326s
[03:26:35]   386/1347 (28%) ? 157 cached, 371 with links, 0 errors ? 331s
[03:26:40]   391/1347 (29%) ? 157 cached, 376 with links, 0 errors ? 336s
[03:26:45]   394/1347 (29%) ? 157 cached, 379 with links, 0 errors ? 341s
[03:26:50]   399/1347 (29%) ? 157 cached, 384 with links, 0 errors ? 346s
[03:26:55]   402/1347 (29%) ? 157 cached, 387 with links, 0 errors ? 351s
[03:27:00]   406/1347 (30%) ? 157 cached, 391 with links, 0 errors ? 356s
[03:27:05]   410/1347 (30%) ? 157 cached, 395 with links, 0 errors ? 361s
[03:27:10]   412/1347 (30%) ? 157 cached, 397 with links, 0 errors ? 366s
[03:27:15]   415/1347 (30%) ? 157 cached, 399 with links, 0 errors ? 371s
[03:27:20]   420/1347 (31%) ? 158 cached, 401 with links, 0 errors ? 376s
[03:27:25]   425/1347 (31%) ? 158 cached, 406 with links, 0 errors ? 381s
[03:27:30]   428/1347 (31%) ? 158 cached, 409 with links, 0 errors ? 386s
[03:27:35]   432/1347 (32%) ? 158 cached, 413 with links, 0 errors ? 391s
[03:27:40]   437/1347 (32%) ? 158 cached, 418 with links, 0 errors ? 396s
[03:27:45]   438/1347 (32%) ? 158 cached, 419 with links, 0 errors ? 401s
[03:27:50]   441/1347 (32%) ? 158 cached, 422 with links, 0 errors ? 406s
[03:27:55]   445/1347 (33%) ? 158 cached, 426 with links, 0 errors ? 411s
[03:28:00]   448/1347 (33%) ? 158 cached, 429 with links, 0 errors ? 416s
[03:28:05]   451/1347 (33%) ? 158 cached, 432 with links, 0 errors ? 421s
[03:28:10]   454/1347 (33%) ? 158 cached, 435 with links, 0 errors ? 426s
[03:28:15]   459/1347 (34%) ? 158 cached, 440 with links, 0 errors ? 431s
[03:28:20]   462/1347 (34%) ? 158 cached, 443 with links, 0 errors ? 436s
[03:28:25]   466/1347 (34%) ? 158 cached, 447 with links, 0 errors ? 441s
[03:28:30]   469/1347 (34%) ? 158 cached, 450 with links, 0 errors ? 446s
[03:28:35]   473/1347 (35%) ? 158 cached, 454 with links, 0 errors ? 451s
[03:28:40]   476/1347 (35%) ? 158 cached, 456 with links, 0 errors ? 456s
[03:28:45]   481/1347 (35%) ? 158 cached, 461 with links, 0 errors ? 461s
[03:28:50]   483/1347 (35%) ? 158 cached, 463 with links, 0 errors ? 466s
[03:28:55]   485/1347 (36%) ? 158 cached, 465 with links, 0 errors ? 471s
[03:29:00]   490/1347 (36%) ? 158 cached, 469 with links, 0 errors ? 476s
[03:29:05]   493/1347 (36%) ? 158 cached, 472 with links, 0 errors ? 481s
[03:29:10]   497/1347 (36%) ? 158 cached, 476 with links, 0 errors ? 486s
[03:29:15]   500/1347 (37%) ? 158 cached, 479 with links, 0 errors ? 491s
[03:29:20]   504/1347 (37%) ? 158 cached, 483 with links, 0 errors ? 496s
[03:29:25]   508/1347 (37%) ? 158 cached, 487 with links, 0 errors ? 501s
[03:29:30]   512/1347 (38%) ? 158 cached, 491 with links, 0 errors ? 506s
[03:29:35]   515/1347 (38%) ? 158 cached, 493 with links, 0 errors ? 511s
[03:29:40]   519/1347 (38%) ? 158 cached, 495 with links, 0 errors ? 516s
[03:29:45]   523/1347 (38%) ? 158 cached, 497 with links, 0 errors ? 521s
[03:29:50]   526/1347 (39%) ? 158 cached, 499 with links, 0 errors ? 526s
[03:29:55]   528/1347 (39%) ? 158 cached, 501 with links, 0 errors ? 531s
[03:30:00]   532/1347 (39%) ? 159 cached, 504 with links, 0 errors ? 536s
[03:30:05]   536/1347 (39%) ? 159 cached, 507 with links, 0 errors ? 541s
[03:30:10]   539/1347 (40%) ? 159 cached, 508 with links, 0 errors ? 546s
[03:30:15]   543/1347 (40%) ? 159 cached, 512 with links, 0 errors ? 551s
[03:30:20]   546/1347 (40%) ? 159 cached, 515 with links, 0 errors ? 556s
[03:30:25]   549/1347 (40%) ? 159 cached, 518 with links, 0 errors ? 561s
[03:30:30]   553/1347 (41%) ? 159 cached, 522 with links, 0 errors ? 566s
[03:30:35]   562/1347 (41%) ? 165 cached, 530 with links, 0 errors ? 571s
[03:30:40]   571/1347 (42%) ? 172 cached, 537 with links, 0 errors ? 576s
[03:30:45]   579/1347 (42%) ? 174 cached, 544 with links, 0 errors ? 581s
[03:30:50]   581/1347 (43%) ? 174 cached, 546 with links, 0 errors ? 586s
[03:30:55]   584/1347 (43%) ? 174 cached, 549 with links, 0 errors ? 591s
[03:31:00]   588/1347 (43%) ? 174 cached, 553 with links, 0 errors ? 596s
[03:31:05]   592/1347 (43%) ? 174 cached, 557 with links, 0 errors ? 601s
[03:31:10]   595/1347 (44%) ? 174 cached, 560 with links, 0 errors ? 606s
[03:31:15]   599/1347 (44%) ? 174 cached, 564 with links, 0 errors ? 611s
[03:31:20]   603/1347 (44%) ? 174 cached, 568 with links, 0 errors ? 616s
[03:31:25]   607/1347 (45%) ? 175 cached, 572 with links, 0 errors ? 621s
[03:31:30]   610/1347 (45%) ? 175 cached, 575 with links, 0 errors ? 626s
[03:31:35]   613/1347 (45%) ? 175 cached, 578 with links, 0 errors ? 631s
[03:31:40]   617/1347 (45%) ? 175 cached, 582 with links, 0 errors ? 636s
[03:31:45]   620/1347 (46%) ? 175 cached, 585 with links, 0 errors ? 641s
[03:31:50]   623/1347 (46%) ? 175 cached, 588 with links, 0 errors ? 646s
[03:31:55]   627/1347 (46%) ? 175 cached, 592 with links, 0 errors ? 651s
[03:32:00]   631/1347 (46%) ? 175 cached, 595 with links, 0 errors ? 656s
[03:32:05]   634/1347 (47%) ? 175 cached, 598 with links, 0 errors ? 661s
[03:32:10]   638/1347 (47%) ? 175 cached, 602 with links, 0 errors ? 666s
[03:32:15]   640/1347 (47%) ? 175 cached, 604 with links, 0 errors ? 671s
[03:32:20]   645/1347 (47%) ? 175 cached, 607 with links, 0 errors ? 676s
[03:32:25]   648/1347 (48%) ? 175 cached, 607 with links, 0 errors ? 681s
[03:32:30]   651/1347 (48%) ? 175 cached, 607 with links, 0 errors ? 686s
[03:32:35]   654/1347 (48%) ? 175 cached, 607 with links, 0 errors ? 691s
[03:32:40]   658/1347 (48%) ? 175 cached, 608 with links, 0 errors ? 696s
[03:32:45]   661/1347 (49%) ? 175 cached, 611 with links, 0 errors ? 701s
[03:32:50]   665/1347 (49%) ? 175 cached, 615 with links, 0 errors ? 706s
[03:32:55]   670/1347 (49%) ? 175 cached, 618 with links, 0 errors ? 711s
[03:33:00]   675/1347 (50%) ? 176 cached, 622 with links, 0 errors ? 716s
[03:33:05]   677/1347 (50%) ? 176 cached, 624 with links, 0 errors ? 721s
[03:33:14] 1347 drivers to process
[03:33:15]   full cache hits: 727
[03:[03:33:15]   683/1347 (50%) ? 176 cached, 629 with links, 0 errors ? 731s
[03:33:20]   686/1347 (50%) ? 176 cached, 632 w[03:33:21]   686/1347 (50%) [03:33:25]   688/1347 (51%) ? 176 cached, 634 with[03:33:26]   688/1347 (51[03:33:30]   691/1347 (51%) ? 176 cached, 637 with lin[03:33:31]   692/1347[03:33:35]   694/1347 (51%) ? 176 cached, 640 with links, [03:33:36]   695/[03:33:40]   698/1347 (51%) ? 176 cached, 644 with links, 0 er[03:33:41]   [03:33:45]   701/1347 (52%) ? 176 cached, 645 with links, 0 errors[03:33:46[03:33:50]   705/1347 (52%) ? 176 cached, 647 with links, 0 errors ? 7[03:3[03:33:55]   708/1347 (52%) ? 176 cached, 649 with links, 0 errors ? 772s[[03:34:00]   712/1347 (52%) ? 176 cached, 650 with links, 0 errors ? 777s
[03:34:05]   717/1347 (53%) ? 178 cached, 652 with links, 0 errors ? 782s
[03:34:10]   720/1347 (53%) ? 178 cached, 654 with links, 0 errors ? 787s
[03:34:15]   724/1347 (53%) ? 178 cached, 656 with links, 0 errors ? 792s
[03:34:20]   727/1347 (53%) ? 178 cached, 657 with links, 0 errors ? 797s
[03:34:25]   733/1347 (54%) ? 178 cached, 660 with links, 0 errors ? 802s
[03:34:30]   736/1347 (54%) ? 178 cached, 662 with links, 0 errors ? 807s
[03:34:35]   741/1347 (55%) ? 179 cached, 665 with links, 0 errors ? 812s
[03:34:40]   743/1347 (55%) ? 179 cached, 665 with links, 0 errors ? 817s
[03:34:45]   746/1347 (55%) ? 179 cached, 666 with links, 0 errors ? 822s
[03:34:50]   751/1347 (55%) ? 179 cached, 669 with links, 0 errors ? 827s
[03:34:55]   754/1347 (55%) ? 179 cached, 671 with links, 0 errors ? 832s
[03:35:00]   758/1347 (56%) ? 179 cached, 674 with links, 0 errors ? 837s
[03:35:05]   761/1347 (56%) ? 179 cached, 676 with links, 0 errors ? 842s
[03:35:10]   764/1347 (56%) ? 179 cached, 678 with links, 0 errors ? 847s
[03:35:15]   771/1347 (57%) ? 181 cached, 684 with links, 0 errors ? 852s
[03:35:20]   776/1347 (57%) ? 182 cached, 687 with links, 0 errors ? 857s
[03:35:25]   780/1347 (57%) ? 182 cached, 690 with links, 0 errors ? 862s
[03:35:30]   783/1347 (58%) ? 182 cached, 691 with links, 0 errors ? 867s
[03:35:35]   786/1347 (58%) ? 182 cached, 694 with links, 0 errors ? 872s
[03:35:40]   790/1347 (58%) ? 182 cached, 698 with links, 0 errors ? 877s
[03:35:45]   792/1347 (58%) ? 182 cached, 700 with links, 0 errors ? 882s
[03:35:50]   796/1347 (59%) ? 182 cached, 704 with links, 0 errors ? 887s
[03:35:55]   799/1347 (59%) ? 182 cached, 706 with links, 0 errors ? 892s
[03:36:00]   802/1347 (59%) ? 182 cached, 708 with links, 0 errors ? 897s
[03:36:05]   804/1347 (59%) ? 182 cached, 710 with links, 0 errors ? 902s
[03:36:10]   809/1347 (60%) ? 182 cached, 714 with links, 0 errors ? 907s
[03:36:15]   813/1347 (60%) ? 182 cached, 718 with links, 0 errors ? 912s
[03:36:21]   815/1347 (60%) ? 182 cached, 720 with links, 0 errors ? 917s
[03:36:26]   819/1347 (60%) ? 182 cached, 724 with links, 0 errors ? 922s
[03:36:31]   822/1347 (61%) ? 182 cached, 727 with links, 0 errors ? 927s
[03:36:36]   825/1347 (61%) ? 182 cached, 730 with links, 0 errors ? 932s
[03:36:41]   828/1347 (61%) ? 182 cached, 733 with links, 0 errors ? 937s
[03:36:46]   831/1347 (61%) ? 182 cached, 736 with links, 0 errors ? 942s
[03:36:51]   833/1347 (61%) ? 182 cached, 738 with links, 0 errors ? 947s
[03:36:56]   836/1347 (62%) ? 182 cached, 740 with links, 0 errors ? 952s
[03:37:01]   838/1347 (62%) ? 182 cached, 742 with links, 0 errors ? 957s
[03:37:06]   842/1347 (62%) ? 182 cached, 746 with links, 0 errors ? 962s
[03:37:11]   845/1347 (62%) ? 182 cached, 749 with links, 0 errors ? 967s
[03:37:16]   848/1347 (62%) ? 182 cached, 752 with links, 0 errors ? 972s
[03:37:21]   851/1347 (63%) ? 182 cached, 755 with links, 0 errors ? 977s
[03:37:26]   854/1347 (63%) ? 182 cached, 757 with links, 0 errors ? 982s
[03:37:31]   857/1347 (63%) ? 182 cached, 760 with links, 0 errors ? 987s
[03:37:36]   859/1347 (63%) ? 182 cached, 760 with links, 0 errors ? 992s
[03:37:41]   863/1347 (64%) ? 182 cached, 764 with links, 0 errors ? 997s
[03:37:46]   867/1347 (64%) ? 182 cached, 768 with links, 0 errors ? 1002s
[03:37:51]   871/1347 (64%) ? 182 cached, 772 with links, 0 errors ? 1007s
[03:37:56]   874/1347 (64%) ? 182 cached, 775 with links, 0 errors ? 1012s
[03:38:01]   878/1347 (65%) ? 182 cached, 779 with links, 0 errors ? 1017s
[03:38:06]   881/1347 (65%) ? 182 cached, 782 with links, 0 errors ? 1022s
[03:38:11]   884/1347 (65%) ? 182 cached, 785 with links, 0 errors ? 1027s
[03:38:16]   888/1347 (65%) ? 182 cached, 789 with links, 0 errors ? 1032s
[03:38:21]   890/1347 (66%) ? 182 cached, 791 with links, 0 errors ? 1037s
[03:38:26]   893/1347 (66%) ? 182 cached, 794 with links, 0 errors ? 1042s
[03:38:31]   897/1347 (66%) ? 182 cached, 798 with links, 0 errors ? 1047s
[03:38:36]   899/1347 (66%) ? 182 cached, 800 with links, 0 errors ? 1052s
[03:38:41]   902/1347 (66%) ? 182 cached, 803 with links, 0 errors ? 1057s
[03:38:46]   905/1347 (67%) ? 182 cached, 806 with links, 0 errors ? 1062s
[03:38:51]   909/1347 (67%) ? 182 cached, 809 with links, 0 errors ? 1067s
[03:38:56]   912/1347 (67%) ? 182 cached, 811 with links, 0 errors ? 1072s
[03:39:01]   914/1347 (67%) ? 182 cached, 813 with links, 0 errors ? 1077s
[03:39:06]   917/1347 (68%) ? 182 cached, 816 with links, 0 errors ? 1082s
[03:39:11]   919/1347 (68%) ? 182 cached, 817 with links, 0 errors ? 1087s
[03:39:16]   922/1347 (68%) ? 182 cached, 820 with links, 0 errors ? 1092s
[03:39:21]   924/1347 (68%) ? 182 cached, 822 with links, 0 errors ? 1097s
[03:39:26]   927/1347 (68%) ? 182 cached, 825 with links, 0 errors ? 1102s
[03:39:31]   930/1347 (69%) ? 182 cached, 828 with links, 0 errors ? 1107s
[03:39:36]   933/1347 (69%) ? 182 cached, 831 with links, 0 errors ? 1112s
[03:39:41]   937/1347 (69%) ? 182 cached, 835 with links, 0 errors ? 1117s
[03:39:46]   942/1347 (69%) ? 182 cached, 840 with links, 0 errors ? 1122s
[03:39:51]   945/1347 (70%) ? 182 cached, 843 with links, 0 errors ? 1127s
[03:39:56]   947/1347 (70%) ? 182 cached, 845 with links, 0 errors ? 1132s
[03:40:01]   951/1347 (70%) ? 182 cached, 849 with links, 0 errors ? 1137s
[03:40:06]   953/1347 (70%) ? 182 cached, 851 with links, 0 errors ? 1142s
[03:40:11]   957/1347 (71%) ? 182 cached, 855 with links, 0 errors ? 1147s
[03:40:16]   960/1347 (71%) ? 182 cached, 858 with links, 0 errors ? 1152s
[03:40:21]   965/1347 (71%) ? 183 cached, 863 with links, 0 errors ? 1157s
[03:40:26]   969/1347 (71%) ? 183 cached, 867 with links, 0 errors ? 1162s
[03:40:31]   973/1347 (72%) ? 183 cached, 871 with links, 0 errors ? 1167s
[03:40:36]   976/1347 (72%) ? 183 cached, 874 with links, 0 errors ? 1172s
[03:40:41]   980/1347 (72%) ? 184 cached, 877 with links, 0 errors ? 1177s
[03:40:46]   983/1347 (72%) ? 184 cached, 880 with links, 0 errors ? 1182s
[03:40:51]   989/1347 (73%) ? 185 cached, 886 with links, 0 errors ? 1187s
[03:40:56]   991/1347 (73%) ? 185 cached, 888 with links, 0 errors ? 1192s
[03:41:01]   995/1347 (73%) ? 186 cached, 892 with links, 0 errors ? 1197s
[03:41:06]   999/1347 (74%) ? 187 cached, 895 with links, 0 errors ? 1202s
[03:41:11]   1003/1347 (74%) ? 187 cached, 898 with links, 0 errors ? 1207s
[03:41:16]   1005/1347 (74%) ? 187 cached, 900 with links, 0 errors ? 1212s
[03:41:21]   1009/1347 (74%) ? 187 cached, 904 with links, 0 errors ? 1217s
[03:41:26]   1013/1347 (75%) ? 187 cached, 908 with links, 0 errors ? 1222s
[03:41:31]   1016/1347 (75%) ? 187 cached, 911 with links, 0 errors ? 1227s
[03:41:36]   1020/1347 (75%) ? 188 cached, 915 with links, 0 errors ? 1232s
[03:41:41]   1024/1347 (76%) ? 188 cached, 919 with links, 0 errors ? 1238s
[03:41:46]   1027/1347 (76%) ? 188 cached, 922 with links, 0 errors ? 1243s
[03:41:51]   1030/1347 (76%) ? 188 cached, 924 with links, 0 errors ? 1248s
[03:41:56]   1033/1347 (76%) ? 188 cached, 927 with links, 0 errors ? 1253s
[03:42:01]   1037/1347 (76%) ? 188 cached, 931 with links, 0 errors ? 1258s
[03:42:06]   1040/1347 (77%) ? 188 cached, 934 with links, 0 errors ? 1263s
[03:42:11]   1044/1347 (77%) ? 188 cached, 938 with links, 0 errors ? 1268s
[03:42:16]   1047/1347 (77%) ? 188 cached, 941 with links, 0 errors ? 1273s
[03:42:21]   1049/1347 (77%) ? 188 cached, 943 with links, 0 errors ? 1278s
[03:42:26]   1053/1347 (78%) ? 188 cached, 946 with links, 0 errors ? 1283s
[03:42:31]   1056/1347 (78%) ? 188 cached, 949 with links, 0 errors ? 1288s
[03:42:36]   1059/1347 (78%) ? 188 cached, 952 with links, 0 errors ? 1293s
[03:42:42]   1062/1347 (78%) ? 188 cached, 955 with links, 0 errors ? 1298s
[03:42:47]   1065/1347 (79%) ? 188 cached, 958 with links, 0 errors ? 1303s
[03:42:52]   1067/1347 (79%) ? 188 cached, 960 with links, 0 errors ? 1308s
[03:42:57]   1070/1347 (79%) ? 188 cached, 963 with links, 0 errors ? 1313s
[03:43:02]   1074/1347 (79%) ? 188 cached, 967 with links, 0 errors ? 1318s
[03:43:07]   1078/1347 (80%) ? 188 cached, 970 with links, 0 errors ? 1323s
[03:43:12]   1080/1347 (80%) ? 188 cached, 972 with links, 0 errors ? 1328s
[03:43:17]   1083/1347 (80%) ? 188 cached, 975 with links, 0 errors ? 1333s
[03:43:22]   1086/1347 (80%) ? 188 cached, 978 with links, 0 errors ? 1338s
[03:43:27]   1089/1347 (80%) ? 188 cached, 981 with links, 0 errors ? 1343s
[03:43:32]   1090/1347 (80%) ? 188 cached, 982 with links, 0 errors ? 1348s
[03:43:37]   1094/1347 (81%) ? 188 cached, 986 with links, 0 errors ? 1353s
[03:43:42]   1097/1347 (81%) ? 188 cached, 989 with links, 0 errors ? 1358s
[03:43:47]   1100/1347 (81%) ? 188 cached, 992 with links, 0 errors ? 1363s
[03:43:52]   1103/1347 (81%) ? 188 cached, 995 with links, 0 errors ? 1368s
[03:43:57]   1106/1347 (82%) ? 188 cached, 998 with links, 0 errors ? 1373s
[03:44:02]   1109/1347 (82%) ? 188 cached, 1001 with links, 0 errors ? 1378s
[03:44:07]   1112/1347 (82%) ? 188 cached, 1004 with links, 0 errors ? 1383s
[03:44:12]   1115/1347 (82%) ? 188 cached, 1007 with links, 0 errors ? 1388s
[03:44:17]   1116/1347 (82%) ? 188 cached, 1008 with links, 0 errors ? 1393s
[03:44:22]   1120/1347 (83%) ? 188 cached, 1012 with links, 0 errors ? 1398s
[03:44:27]   1124/1347 (83%) ? 189 cached, 1016 with links, 0 errors ? 1403s
[03:44:32]   1125/1347 (83%) ? 189 cached, 1017 with links, 0 errors ? 1408s
[03:44:37]   1127/1347 (83%) ? 189 cached, 1019 with links, 0 errors ? 1413s
[03:44:42]   1129/1347 (83%) ? 189 cached, 1021 with links, 0 errors ? 1418s
[03:44:47]   1130/1347 (83%) ? 189 cached, 1021 with links, 0 errors ? 1423s
[03:44:52]   1130/1347 (83%) ? 189 cached, 1021 with links, 0 errors ? 1428s
[03:44:57]   1130/1347 (83%) ? 189 cached, 1021 with links, 0 errors ? 1433s
[03:45:02]   1132/1347 (84%) ? 189 cached, 1023 with links, 0 errors ? 1438s
[03:45:07]   1132/1347 (84%) ? 189 cached, 1023 with links, 0 errors ? 1443s
[03:45:12]   1133/1347 (84%) ? 189 cached, 1023 with links, 0 errors ? 1448s
[03:45:17]   1133/1347 (84%) ? 189 cached, 1023 with links, 0 errors ? 1453s
[03:45:22]   1134/1347 (84%) ? 189 cached, 1024 with links, 0 errors ? 1458s
[03:45:27]   1134/1347 (84%) ? 189 cached, 1024 with links, 0 errors ? 1463s
[03:45:32]   1137/1347 (84%) ? 190 cached, 1027 with links, 0 errors ? 1468s
[03:45:37]   1138/1347 (84%) ? 190 cached, 1027 with links, 0 errors ? 1473s
[03:45:42]   1139/1347 (84%) ? 190 cached, 1028 with links, 0 errors ? 1479s
[03:45:47]   1143/1347 (84%) ? 190 cached, 1032 with links, 0 errors ? 1484s
[03:45:52]   1146/1347 (85%) ? 190 cached, 1035 with links, 0 errors ? 1489s
[03:45:57]   1149/1347 (85%) ? 190 cached, 1035 with links, 0 errors ? 1494s
[03:46:02]   1153/1347 (85%) ? 191 cached, 1038 with links, 0 errors ? 1499s
[03:46:07]   1157/1347 (85%) ? 191 cached, 1042 with links, 0 errors ? 1504s
[03:46:13]   1161/1347 (86%) ? 191 cached, 1046 with links, 0 errors ? 1509s
[03:46:18]   1165/1347 (86%) ? 192 cached, 1050 with links, 0 errors ? 1514s
[03:46:23]   1169/1347 (86%) ? 192 cached, 1054 with links, 0 errors ? 1519s
[03:46:28]   1172/1347 (87%) ? 192 cached, 1057 with links, 0 errors ? 1524s
[03:46:33]   1174/1347 (87%) ? 192 cached, 1059 with links, 0 errors ? 1529s
[03:46:38]   1177/1347 (87%) ? 192 cached, 1061 with links, 0 errors ? 1534s
[03:46:43]   1183/1347 (87%) ? 193 cached, 1067 with links, 0 errors ? 1539s
[03:46:48]   1186/1347 (88%) ? 194 cached, 1070 with links, 0 errors ? 1544s
[03:46:53]   1190/1347 (88%) ? 194 cached, 1074 with links, 0 errors ? 1549s
[03:46:58]   1193/1347 (88%) ? 194 cached, 1077 with links, 0 errors ? 1554s
[03:47:03]   1197/1347 (88%) ? 194 cached, 1081 with links, 0 errors ? 1559s
[03:47:08]   1200/1347 (89%) ? 194 cached, 1084 with links, 0 errors ? 1564s
[03:47:13]   1203/1347 (89%) ? 194 cached, 1087 with links, 0 errors ? 1569s
[03:47:18]   1207/1347 (89%) ? 195 cached, 1091 with links, 0 errors ? 1574s
[03:47:23]   1211/1347 (89%) ? 195 cached, 1095 with links, 0 errors ? 1579s
[03:47:28]   1214/1347 (90%) ? 195 cached, 1098 with links, 0 errors ? 1584s
[03:47:33]   1217/1347 (90%) ? 195 cached, 1101 with links, 0 errors ? 1589s
[03:47:38]   1221/1347 (90%) ? 195 cached, 1105 with links, 0 errors ? 1594s
[03:47:43]   1224/1347 (90%) ? 195 cached, 1108 with links, 0 errors ? 1599s
[03:47:48]   1228/1347 (91%) ? 195 cached, 1111 with links, 0 errors ? 1604s
[03:47:53]   1230/1347 (91%) ? 195 cached, 1113 with links, 0 errors ? 1609s
[03:47:58]   1234/1347 (91%) ? 195 cached, 1117 with links, 0 errors ? 1614s
[03:48:03]   1237/1347 (91%) ? 195 cached, 1120 with links, 0 errors ? 1619s
[03:48:08]   1240/1347 (92%) ? 195 cached, 1123 with links, 0 errors ? 1624s
[03:48:13]   1244/1347 (92%) ? 195 cached, 1127 with links, 0 errors ? 1629s
[03:48:18]   1248/1347 (92%) ? 196 cached, 1131 with links, 0 errors ? 1634s
[03:48:23]   1251/1347 (92%) ? 196 cached, 1134 with links, 0 errors ? 1639s
[03:48:28]   1255/1347 (93%) ? 196 cached, 1138 with links, 0 errors ? 1644s
[03:48:33]   1258/1347 (93%) ? 196 cached, 1141 with links, 0 errors ? 1649s
[03:48:38]   1261/1347 (93%) ? 196 cached, 1144 with links, 0 errors ? 1654s
[03:48:43]   1264/1347 (93%) ? 196 cached, 1147 with links, 0 errors ? 1659s
[03:48:48]   1269/1347 (94%) ? 197 cached, 1152 with links, 0 errors ? 1664s
[03:48:53]   1273/1347 (94%) ? 197 cached, 1153 with links, 0 errors ? 1669s
[03:48:58]   1277/1347 (94%) ? 197 cached, 1157 with links, 0 errors ? 1674s
[03:49:03]   1281/1347 (95%) ? 197 cached, 1160 with links, 0 errors ? 1679s
[03:49:08]   1285/1347 (95%) ? 197 cached, 1164 with links, 0 errors ? 1684s
[03:49:13]   1288/1347 (95%) ? 197 cached, 1167 with links, 0 errors ? 1689s
[03:49:18]   1292/1347 (95%) ? 197 cached, 1171 with links, 0 errors ? 1694s
[03:49:23]   1296/1347 (96%) ? 198 cached, 1175 with links, 0 errors ? 1699s
[03:49:28]   1299/1347 (96%) ? 198 cached, 1178 with links, 0 errors ? 1704s
[03:49:33]   1303/1347 (96%) ? 199 cached, 1181 with links, 0 errors ? 1709s
[03:49:38]   1311/1347 (97%) ? 204 cached, 1189 with links, 0 errors ? 1714s
[03:49:43]   1328/1347 (98%) ? 218 cached, 1205 with links, 0 errors ? 1719s
[03:49:48]   1331/1347 (98%) ? 218 cached, 1208 with links, 0 errors ? 1724s
[03:49:53]   1336/1347 (99%) ? 219 cached, 1213 with links, 0 errors ? 1729s
[03:49:58]   1338/1347 (99%) ? 219 cached, 1215 with links, 0 errors ? 1734s
[03:50:03]   1344/1347 (99%) ? 222 cached, 1221 with links, 0 errors ? 1739s
[03:50:08]   1347/1347 (100%) ? 222 cached, 1224 with links, 0 errors ? 1744s
[03:50:14] Done. 24 sidecars updated, 1323 unchanged, 0 errors, 222 from cache ? 1750s elapsed
[03:50:18] Coverage: frd=178/1347  datasheet=1266/1347
rrors ? 973s
[03:49:33]   1303/1347 (96%) ? 706 cached, 24 sidecars updated, 0 errors ? 978s
[03:49:38]   1311/1347 (97%) ? 711 cached, 24 sidecars updated, 0 errors ? 983s
[03:49:43]   1328/1347 (98%) ? 725 cached, 24 sidecars updated, 0 errors ? 988s
[03:49:48]   1331/1347 (98%) ? 725 cached, 24 sidecars updated, 0 errors ? 993s
[03:49:53]   1336/1347 (99%) ? 726 cached, 24 sidecars updated, 0 errors ? 998s
[03:49:58]   1338/1347 (99%) ? 726 cached, 24 sidecars updated, 0 errors ? 1003s
[03:50:03]   1345/1347 (99%) ? 729 cached, 24 sidecars updated, 0 errors ? 1008s
[03:50:08]   1347/1347 (100%) ? 729 cached, 24 sidecars updated, 0 errors ? 1013s
[03:50:14] Done. 24 sidecars updated, 1323 unchanged, 0 errors, 729 from cache ? 1019s elapsed
[03:50:18] Coverage: frd=178/1347  datasheet=1266/1347
