[03:59:27] PROBLEM field=html_pdf_mismatch item=FR055WA03_04 url=http://www.wavecor.com/html/fr055wa03_04.html offset=0
         raw_value='Znom: HTML=4 PDF=8 (100% diff)'
         reason=HTML and PDF values disagree by >10%
[03:59:27] PROBLEM field=FRD_fetch item=FR055WA03_04 url=https://www.wavecor.com/Driver%20measurements%20TXT/SPL%20response/FR055WA03_04_SPL_response.txt offset=0
         raw_value=None
         reason=HTTP Error 404: Not Found
[03:59:27] PROBLEM field=IMP_fetch item=FR055WA03_04 url=https://www.wavecor.com/Driver%20measurements%20TXT/Impedance%20response/FR055WA03_04_impedance_response.txt offset=0
         raw_value=None
         reason=HTTP Error 404: Not Found
[03:59:27] DONE problems=3
[04:02:19] PROBLEM field=html_pdf_mismatch item=FR055WA03_04 url=http://www.wavecor.com/html/fr055wa03_04.html offset=0
         raw_value='Znom: HTML=4 PDF=8 (100% diff)'
         reason=HTML and PDF values disagree by >10%
[04:02:19] PROBLEM field=FRD_fetch item=FR055WA03_04 url=https://www.wavecor.com/Driver%20measurements%20TXT/SPL%20response/FR055WA03_04_SPL_response.txt offset=0
         raw_value=None
         reason=HTTP Error 404: Not Found
[04:02:19] PROBLEM field=IMP_fetch item=FR055WA03_04 url=https://www.wavecor.com/Driver%20measurements%20TXT/Impedance%20response/FR055WA03_04_impedance_response.txt offset=0
         raw_value=None
         reason=HTTP Error 404: Not Found
[04:02:19] DONE problems=3
[04:11:58] PROBLEM field=html_pdf_mismatch item=FR055WA03_04 url=http://www.wavecor.com/html/fr055wa03_04.html offset=0
         raw_value='Znom: HTML=4 PDF=8 (100% diff)'
         reason=HTML and PDF values disagree by >10%
[04:11:58] PROBLEM field=FRD_fetch item=FR055WA03_04 url=https://www.wavecor.com/Driver%20measurements%20TXT/SPL%20response/FR055WA03_04_SPL_response.txt offset=0
         raw_value=None
         reason=HTTP Error 404: Not Found
[04:11:59] PROBLEM field=IMP_fetch item=FR055WA03_04 url=https://www.wavecor.com/Driver%20measurements%20TXT/Impedance%20response/FR055WA03_04_impedance_response.txt offset=0
         raw_value=None
         reason=HTTP Error 404: Not Found
[04:11:59] DONE problems=3
[04:34:25] PROBLEM field=html_pdf_mismatch item=FR055WA03_04 url=http://www.wavecor.com/html/fr055wa03_04.html offset=0
         raw_value='Znom: HTML=4 PDF=8 (100% diff)'
         reason=HTML and PDF values disagree by >10%
[04:34:25] DONE problems=1
[04:37:44] PROBLEM field=html_pdf_mismatch item=FR055WA03_04 url=http://www.wavecor.com/html/fr055wa03_04.html offset=0
         raw_value='Znom: HTML=4 PDF=8 (100% diff)'
         reason=HTML and PDF values disagree by >10%
[04:37:44] PROBLEM field=FRD_fetch item=FR055WA03_04 url=https://www.wavecor.com/FR055WA03_04_SPL_response.txt offset=0
         raw_value=None
         reason=HTTP Error 404: Not Found
[04:37:44] PROBLEM field=IMP_fetch item=FR055WA03_04 url=https://www.wavecor.com/FR055WA03_04_impedance_response.txt offset=0
         raw_value=None
         reason=HTTP Error 404: Not Found
[04:37:44] DONE problems=3
[04:43:39] PROBLEM field=html_pdf_mismatch item=FR055WA03_04 url=http://www.wavecor.com/html/fr055wa03_04.html offset=0
         raw_value='Znom: HTML=4 PDF=8 (100% diff)'
         reason=HTML and PDF values disagree by >10%
[04:43:40] PROBLEM field=FRD_fetch item=FR055WA03_04 url=https://www.wavecor.com/FR055WA03_04_SPL_response.txt offset=0
         raw_value=None
         reason=HTTP Error 404: Not Found
[04:43:40] PROBLEM field=IMP_fetch item=FR055WA03_04 url=https://www.wavecor.com/FR055WA03_04_impedance_response.txt offset=0
         raw_value=None
         reason=HTTP Error 404: Not Found
[04:43:40] DONE problems=3
[04:46:29] PROBLEM field=html_pdf_mismatch item=FR055WA03_04 url=http://www.wavecor.com/html/fr055wa03_04.html offset=0
         raw_value='Znom: HTML=4 PDF=8 (100% diff)'
         reason=HTML and PDF values disagree by >10%
[04:46:29] PROBLEM field=FRD_fetch item=FR055WA03_04 url=https://www.wavecor.com/FR055WA03_04_SPL_response.txt offset=0
         raw_value=None
         reason=HTTP Error 404: Not Found
[04:46:29] PROBLEM field=IMP_fetch item=FR055WA03_04 url=https://www.wavecor.com/FR055WA03_04_impedance_response.txt offset=0
         raw_value=None
         reason=HTTP Error 404: Not Found
[04:46:29] DONE problems=3
[04:47:03] PROBLEM field=html_pdf_mismatch item=FR055WA03_04 url=http://www.wavecor.com/html/fr055wa03_04.html offset=0
         raw_value='Znom: HTML=4 PDF=8 (100% diff)'
         reason=HTML and PDF values disagree by >10%
[04:47:03] PROBLEM field=FRD_fetch item=FR055WA03_04 url=https://www.wavecor.com/FR055WA03_04_SPL_response.txt offset=0
         raw_value=None
         reason=HTTP Error 404: Not Found
[04:47:03] PROBLEM field=IMP_fetch item=FR055WA03_04 url=https://www.wavecor.com/FR055WA03_04_impedance_response.txt offset=0
         raw_value=None
         reason=HTTP Error 404: Not Found
[04:47:03] DONE problems=3
