[03:59:52] PROBLEM field=html_pdf_mismatch item=FR084OM01_02 url=http://www.wavecor.com/html/fr084om01_02.html offset=0
         raw_value='Znom: HTML=4 PDF=8 (100% diff)'
         reason=HTML and PDF values disagree by >10%
[03:59:52] PROBLEM field=FRD_fetch item=FR084OM01_02 url=https://www.wavecor.com/Driver%20measurements%20TXT/SPL%20response/FR084OM01_02_SPL_response.txt offset=0
         raw_value=None
         reason=HTTP Error 404: Not Found
[03:59:52] PROBLEM field=IMP_fetch item=FR084OM01_02 url=https://www.wavecor.com/Driver%20measurements%20TXT/Impedance%20response/FR084OM01_02_impedance_response.txt offset=0
         raw_value=None
         reason=HTTP Error 404: Not Found
[03:59:52] DONE problems=3
[04:02:44] PROBLEM field=html_pdf_mismatch item=FR084OM01_02 url=http://www.wavecor.com/html/fr084om01_02.html offset=0
         raw_value='Znom: HTML=4 PDF=8 (100% diff)'
         reason=HTML and PDF values disagree by >10%
[04:02:44] PROBLEM field=FRD_fetch item=FR084OM01_02 url=https://www.wavecor.com/Driver%20measurements%20TXT/SPL%20response/FR084OM01_02_SPL_response.txt offset=0
         raw_value=None
         reason=HTTP Error 404: Not Found
[04:02:44] PROBLEM field=IMP_fetch item=FR084OM01_02 url=https://www.wavecor.com/Driver%20measurements%20TXT/Impedance%20response/FR084OM01_02_impedance_response.txt offset=0
         raw_value=None
         reason=HTTP Error 404: Not Found
[04:02:44] DONE problems=3
[04:12:22] PROBLEM field=html_pdf_mismatch item=FR084OM01_02 url=http://www.wavecor.com/html/fr084om01_02.html offset=0
         raw_value='Znom: HTML=4 PDF=8 (100% diff)'
         reason=HTML and PDF values disagree by >10%
[04:12:22] PROBLEM field=FRD_fetch item=FR084OM01_02 url=https://www.wavecor.com/Driver%20measurements%20TXT/SPL%20response/FR084OM01_02_SPL_response.txt offset=0
         raw_value=None
         reason=HTTP Error 404: Not Found
[04:12:23] PROBLEM field=IMP_fetch item=FR084OM01_02 url=https://www.wavecor.com/Driver%20measurements%20TXT/Impedance%20response/FR084OM01_02_impedance_response.txt offset=0
         raw_value=None
         reason=HTTP Error 404: Not Found
[04:12:23] DONE problems=3
[04:35:51] PROBLEM field=html_pdf_mismatch item=FR084OM01_02 url=http://www.wavecor.com/html/fr084om01_02.html offset=0
         raw_value='Znom: HTML=4 PDF=8 (100% diff)'
         reason=HTML and PDF values disagree by >10%
[04:35:51] DONE problems=1
[04:38:06] PROBLEM field=html_pdf_mismatch item=FR084OM01_02 url=http://www.wavecor.com/html/fr084om01_02.html offset=0
         raw_value='Znom: HTML=4 PDF=8 (100% diff)'
         reason=HTML and PDF values disagree by >10%
[04:38:06] PROBLEM field=IMP_fetch item=FR084OM01_02 url=https://www.wavecor.com/FR084OM01_02_impedance_response.txt offset=0
         raw_value=None
         reason=HTTP Error 404: Not Found
[04:38:06] DONE problems=2
[04:44:00] PROBLEM field=html_pdf_mismatch item=FR084OM01_02 url=http://www.wavecor.com/html/fr084om01_02.html offset=0
         raw_value='Znom: HTML=4 PDF=8 (100% diff)'
         reason=HTML and PDF values disagree by >10%
[04:44:01] PROBLEM field=IMP_fetch item=FR084OM01_02 url=https://www.wavecor.com/FR084OM01_02_impedance_response.txt offset=0
         raw_value=None
         reason=HTTP Error 404: Not Found
[04:44:01] DONE problems=2
[04:46:49] PROBLEM field=html_pdf_mismatch item=FR084OM01_02 url=http://www.wavecor.com/html/fr084om01_02.html offset=0
         raw_value='Znom: HTML=4 PDF=8 (100% diff)'
         reason=HTML and PDF values disagree by >10%
[04:46:49] PROBLEM field=IMP_fetch item=FR084OM01_02 url=https://www.wavecor.com/FR084OM01_02_impedance_response.txt offset=0
         raw_value=None
         reason=HTTP Error 404: Not Found
[04:46:49] DONE problems=2
[04:47:25] PROBLEM field=html_pdf_mismatch item=FR084OM01_02 url=http://www.wavecor.com/html/fr084om01_02.html offset=0
         raw_value='Znom: HTML=4 PDF=8 (100% diff)'
         reason=HTML and PDF values disagree by >10%
[04:47:25] PROBLEM field=IMP_fetch item=FR084OM01_02 url=https://www.wavecor.com/FR084OM01_02_impedance_response.txt offset=0
         raw_value=None
         reason=HTTP Error 404: Not Found
[04:47:25] DONE problems=2
