[03:59:48] PROBLEM field=FRD_fetch item=PR223BD02 url=https://www.wavecor.com/Driver%20measurements%20TXT/SPL%20response/PR223BD02_SPL_response.txt offset=0
         raw_value=None
         reason=HTTP Error 404: Not Found
[03:59:48] PROBLEM field=IMP_fetch item=PR223BD02 url=https://www.wavecor.com/Driver%20measurements%20TXT/Impedance%20response/PR223BD02_impedance_response.txt offset=0
         raw_value=None
         reason=HTTP Error 404: Not Found
[03:59:48] DONE problems=2
[04:02:39] PROBLEM field=FRD_fetch item=PR223BD02 url=https://www.wavecor.com/Driver%20measurements%20TXT/SPL%20response/PR223BD02_SPL_response.txt offset=0
         raw_value=None
         reason=HTTP Error 404: Not Found
[04:02:40] PROBLEM field=IMP_fetch item=PR223BD02 url=https://www.wavecor.com/Driver%20measurements%20TXT/Impedance%20response/PR223BD02_impedance_response.txt offset=0
         raw_value=None
         reason=HTTP Error 404: Not Found
[04:02:40] DONE problems=2
[04:12:18] PROBLEM field=FRD_fetch item=PR223BD02 url=https://www.wavecor.com/Driver%20measurements%20TXT/SPL%20response/PR223BD02_SPL_response.txt offset=0
         raw_value=None
         reason=HTTP Error 404: Not Found
[04:12:18] PROBLEM field=IMP_fetch item=PR223BD02 url=https://www.wavecor.com/Driver%20measurements%20TXT/Impedance%20response/PR223BD02_impedance_response.txt offset=0
         raw_value=None
         reason=HTTP Error 404: Not Found
[04:12:18] DONE problems=2
[04:35:30] DONE problems=0
[04:38:03] PROBLEM field=FRD_fetch item=PR223BD02 url=https://www.wavecor.com/PR223BD02_SPL_response.txt offset=0
         raw_value=None
         reason=HTTP Error 404: Not Found
[04:38:03] PROBLEM field=IMP_fetch item=PR223BD02 url=https://www.wavecor.com/PR223BD02_impedance_response.txt offset=0
         raw_value=None
         reason=HTTP Error 404: Not Found
[04:38:03] DONE problems=2
[04:43:57] PROBLEM field=FRD_fetch item=PR223BD02 url=https://www.wavecor.com/PR223BD02_SPL_response.txt offset=0
         raw_value=None
         reason=HTTP Error 404: Not Found
[04:43:57] PROBLEM field=IMP_fetch item=PR223BD02 url=https://www.wavecor.com/PR223BD02_impedance_response.txt offset=0
         raw_value=None
         reason=HTTP Error 404: Not Found
[04:43:57] DONE problems=2
[04:46:45] PROBLEM field=FRD_fetch item=PR223BD02 url=https://www.wavecor.com/PR223BD02_SPL_response.txt offset=0
         raw_value=None
         reason=HTTP Error 404: Not Found
[04:46:46] PROBLEM field=IMP_fetch item=PR223BD02 url=https://www.wavecor.com/PR223BD02_impedance_response.txt offset=0
         raw_value=None
         reason=HTTP Error 404: Not Found
[04:46:46] DONE problems=2
[04:47:22] PROBLEM field=FRD_fetch item=PR223BD02 url=https://www.wavecor.com/PR223BD02_SPL_response.txt offset=0
         raw_value=None
         reason=HTTP Error 404: Not Found
[04:47:22] PROBLEM field=IMP_fetch item=PR223BD02 url=https://www.wavecor.com/PR223BD02_impedance_response.txt offset=0
         raw_value=None
         reason=HTTP Error 404: Not Found
[04:47:22] DONE problems=2
