[03:59:49] PROBLEM field=FRD_fetch item=PR312WA02_03 url=https://www.wavecor.com/Driver%20measurements%20TXT/SPL%20response/PR312WA02_03_SPL_response.txt offset=0
         raw_value=None
         reason=HTTP Error 404: Not Found
[03:59:49] PROBLEM field=IMP_fetch item=PR312WA02_03 url=https://www.wavecor.com/Driver%20measurements%20TXT/Impedance%20response/PR312WA02_03_impedance_response.txt offset=0
         raw_value=None
         reason=HTTP Error 404: Not Found
[03:59:49] DONE problems=2
[04:02:41] PROBLEM field=FRD_fetch item=PR312WA02_03 url=https://www.wavecor.com/Driver%20measurements%20TXT/SPL%20response/PR312WA02_03_SPL_response.txt offset=0
         raw_value=None
         reason=HTTP Error 404: Not Found
[04:02:41] PROBLEM field=IMP_fetch item=PR312WA02_03 url=https://www.wavecor.com/Driver%20measurements%20TXT/Impedance%20response/PR312WA02_03_impedance_response.txt offset=0
         raw_value=None
         reason=HTTP Error 404: Not Found
[04:02:41] DONE problems=2
[04:12:20] PROBLEM field=FRD_fetch item=PR312WA02_03 url=https://www.wavecor.com/Driver%20measurements%20TXT/SPL%20response/PR312WA02_03_SPL_response.txt offset=0
         raw_value=None
         reason=HTTP Error 404: Not Found
[04:12:20] PROBLEM field=IMP_fetch item=PR312WA02_03 url=https://www.wavecor.com/Driver%20measurements%20TXT/Impedance%20response/PR312WA02_03_impedance_response.txt offset=0
         raw_value=None
         reason=HTTP Error 404: Not Found
[04:12:20] DONE problems=2
[04:35:36] DONE problems=0
[04:38:05] PROBLEM field=FRD_fetch item=PR312WA02_03 url=https://www.wavecor.com/PR312WA02_03_SPL_response.txt offset=0
         raw_value=None
         reason=HTTP Error 404: Not Found
[04:38:05] PROBLEM field=IMP_fetch item=PR312WA02_03 url=https://www.wavecor.com/PR312WA02_03_impedance_response.txt offset=0
         raw_value=None
         reason=HTTP Error 404: Not Found
[04:38:05] DONE problems=2
[04:43:59] PROBLEM field=FRD_fetch item=PR312WA02_03 url=https://www.wavecor.com/PR312WA02_03_SPL_response.txt offset=0
         raw_value=None
         reason=HTTP Error 404: Not Found
[04:43:59] PROBLEM field=IMP_fetch item=PR312WA02_03 url=https://www.wavecor.com/PR312WA02_03_impedance_response.txt offset=0
         raw_value=None
         reason=HTTP Error 404: Not Found
[04:43:59] DONE problems=2
[04:46:47] PROBLEM field=FRD_fetch item=PR312WA02_03 url=https://www.wavecor.com/PR312WA02_03_SPL_response.txt offset=0
         raw_value=None
         reason=HTTP Error 404: Not Found
[04:46:47] PROBLEM field=IMP_fetch item=PR312WA02_03 url=https://www.wavecor.com/PR312WA02_03_impedance_response.txt offset=0
         raw_value=None
         reason=HTTP Error 404: Not Found
[04:46:47] DONE problems=2
[04:47:24] PROBLEM field=FRD_fetch item=PR312WA02_03 url=https://www.wavecor.com/PR312WA02_03_SPL_response.txt offset=0
         raw_value=None
         reason=HTTP Error 404: Not Found
[04:47:24] PROBLEM field=IMP_fetch item=PR312WA02_03 url=https://www.wavecor.com/PR312WA02_03_impedance_response.txt offset=0
         raw_value=None
         reason=HTTP Error 404: Not Found
[04:47:24] DONE problems=2
