[03:59:41] PROBLEM field=html_pdf_mismatch item=SW070WA01_02 url=http://www.wavecor.com/html/sw070wa01_02.html offset=0
         raw_value='Znom: HTML=4 PDF=8 (100% diff)'
         reason=HTML and PDF values disagree by >10%
[03:59:41] PROBLEM field=FRD_fetch item=SW070WA01_02 url=https://www.wavecor.com/Driver%20measurements%20TXT/SPL%20response/SW070WA01_02_SPL_response.txt offset=0
         raw_value=None
         reason=HTTP Error 404: Not Found
[03:59:41] PROBLEM field=IMP_fetch item=SW070WA01_02 url=https://www.wavecor.com/Driver%20measurements%20TXT/Impedance%20response/SW070WA01_02_impedance_response.txt offset=0
         raw_value=None
         reason=HTTP Error 404: Not Found
[03:59:41] PROBLEM field=schema_fail item=SW070WA01_02 url=http://www.wavecor.com/html/sw070wa01_02.html offset=0
         raw_value="WDR: 'Qts' stored=0.39 differs from calculated=0.394135 (deps: Qms=6.4, Qes=0.42)"
         reason=File failed strict schema validation
[03:59:41] PROBLEM field=schema_fail item=SW070WA01_02 url=http://www.wavecor.com/html/sw070wa01_02.html offset=0
         raw_value="WDR: 'Vas' stored=0.00068 differs from calculated=0.000672847 (deps: roo=1.20095, c=343.684, Sd=0.0022, Cms=0.00098)"
         reason=File failed strict schema validation
[03:59:41] SCHEMA_FAIL errors=2
[04:02:33] PROBLEM field=html_pdf_mismatch item=SW070WA01_02 url=http://www.wavecor.com/html/sw070wa01_02.html offset=0
         raw_value='Znom: HTML=4 PDF=8 (100% diff)'
         reason=HTML and PDF values disagree by >10%
[04:02:33] PROBLEM field=FRD_fetch item=SW070WA01_02 url=https://www.wavecor.com/Driver%20measurements%20TXT/SPL%20response/SW070WA01_02_SPL_response.txt offset=0
         raw_value=None
         reason=HTTP Error 404: Not Found
[04:02:33] PROBLEM field=IMP_fetch item=SW070WA01_02 url=https://www.wavecor.com/Driver%20measurements%20TXT/Impedance%20response/SW070WA01_02_impedance_response.txt offset=0
         raw_value=None
         reason=HTTP Error 404: Not Found
[04:02:33] PROBLEM field=schema_fail item=SW070WA01_02 url=http://www.wavecor.com/html/sw070wa01_02.html offset=0
         raw_value="WDR: 'Qts' stored=0.39 differs from calculated=0.394135 (deps: Qms=6.4, Qes=0.42)"
         reason=File failed strict schema validation
[04:02:33] PROBLEM field=schema_fail item=SW070WA01_02 url=http://www.wavecor.com/html/sw070wa01_02.html offset=0
         raw_value="WDR: 'Vas' stored=0.00068 differs from calculated=0.000672847 (deps: roo=1.20095, c=343.684, Sd=0.0022, Cms=0.00098)"
         reason=File failed strict schema validation
[04:02:33] SCHEMA_FAIL errors=2
[04:12:11] PROBLEM field=html_pdf_mismatch item=SW070WA01_02 url=http://www.wavecor.com/html/sw070wa01_02.html offset=0
         raw_value='Znom: HTML=4 PDF=8 (100% diff)'
         reason=HTML and PDF values disagree by >10%
[04:12:12] PROBLEM field=FRD_fetch item=SW070WA01_02 url=https://www.wavecor.com/Driver%20measurements%20TXT/SPL%20response/SW070WA01_02_SPL_response.txt offset=0
         raw_value=None
         reason=HTTP Error 404: Not Found
[04:12:12] PROBLEM field=IMP_fetch item=SW070WA01_02 url=https://www.wavecor.com/Driver%20measurements%20TXT/Impedance%20response/SW070WA01_02_impedance_response.txt offset=0
         raw_value=None
         reason=HTTP Error 404: Not Found
[04:12:12] PROBLEM field=schema_fail item=SW070WA01_02 url=http://www.wavecor.com/html/sw070wa01_02.html offset=0
         raw_value="WDR: 'Qts' stored=0.39 differs from calculated=0.394135 (deps: Qms=6.4, Qes=0.42)"
         reason=File failed strict schema validation
[04:12:12] PROBLEM field=schema_fail item=SW070WA01_02 url=http://www.wavecor.com/html/sw070wa01_02.html offset=0
         raw_value="WDR: 'Vas' stored=0.00068 differs from calculated=0.000672847 (deps: roo=1.20095, c=343.684, Sd=0.0022, Cms=0.00098)"
         reason=File failed strict schema validation
[04:12:12] SCHEMA_FAIL errors=2
[04:35:10] PROBLEM field=html_pdf_mismatch item=SW070WA01_02 url=http://www.wavecor.com/html/sw070wa01_02.html offset=0
         raw_value='Znom: HTML=4 PDF=8 (100% diff)'
         reason=HTML and PDF values disagree by >10%
[04:35:10] PROBLEM field=schema_fail item=SW070WA01_02 url=http://www.wavecor.com/html/sw070wa01_02.html offset=0
         raw_value="WDR: 'Qts' stored=0.39 differs from calculated=0.394135 (deps: Qms=6.4, Qes=0.42)"
         reason=File failed strict schema validation
[04:35:10] PROBLEM field=schema_fail item=SW070WA01_02 url=http://www.wavecor.com/html/sw070wa01_02.html offset=0
         raw_value="WDR: 'Vas' stored=0.00068 differs from calculated=0.000672847 (deps: roo=1.20095, c=343.684, Sd=0.0022, Cms=0.00098)"
         reason=File failed strict schema validation
[04:35:10] SCHEMA_FAIL errors=2
[04:37:57] PROBLEM field=html_pdf_mismatch item=SW070WA01_02 url=http://www.wavecor.com/html/sw070wa01_02.html offset=0
         raw_value='Znom: HTML=4 PDF=8 (100% diff)'
         reason=HTML and PDF values disagree by >10%
[04:37:58] PROBLEM field=FRD_fetch item=SW070WA01_02 url=https://www.wavecor.com/SW070WA01_02_SPL_response.txt offset=0
         raw_value=None
         reason=HTTP Error 404: Not Found
[04:37:58] PROBLEM field=IMP_fetch item=SW070WA01_02 url=https://www.wavecor.com/SW070WA01_02_impedance_response.txt offset=0
         raw_value=None
         reason=HTTP Error 404: Not Found
[04:37:58] PROBLEM field=schema_fail item=SW070WA01_02 url=http://www.wavecor.com/html/sw070wa01_02.html offset=0
         raw_value="WDR: 'Qts' stored=0.39 differs from calculated=0.394135 (deps: Qms=6.4, Qes=0.42)"
         reason=File failed strict schema validation
[04:37:58] PROBLEM field=schema_fail item=SW070WA01_02 url=http://www.wavecor.com/html/sw070wa01_02.html offset=0
         raw_value="WDR: 'Vas' stored=0.00068 differs from calculated=0.000672847 (deps: roo=1.20095, c=343.684, Sd=0.0022, Cms=0.00098)"
         reason=File failed strict schema validation
[04:37:58] SCHEMA_FAIL errors=2
[04:43:51] PROBLEM field=html_pdf_mismatch item=SW070WA01_02 url=http://www.wavecor.com/html/sw070wa01_02.html offset=0
         raw_value='Znom: HTML=4 PDF=8 (100% diff)'
         reason=HTML and PDF values disagree by >10%
[04:43:51] PROBLEM field=FRD_fetch item=SW070WA01_02 url=https://www.wavecor.com/SW070WA01_02_SPL_response.txt offset=0
         raw_value=None
         reason=HTTP Error 404: Not Found
[04:43:52] PROBLEM field=IMP_fetch item=SW070WA01_02 url=https://www.wavecor.com/SW070WA01_02_impedance_response.txt offset=0
         raw_value=None
         reason=HTTP Error 404: Not Found
[04:43:52] PROBLEM field=schema_fail item=SW070WA01_02 url=http://www.wavecor.com/html/sw070wa01_02.html offset=0
         raw_value="WDR: 'Qts' stored=0.39 differs from calculated=0.394135 (deps: Qms=6.4, Qes=0.42)"
         reason=File failed strict schema validation
[04:43:52] PROBLEM field=schema_fail item=SW070WA01_02 url=http://www.wavecor.com/html/sw070wa01_02.html offset=0
         raw_value="WDR: 'Vas' stored=0.00068 differs from calculated=0.000672847 (deps: roo=1.20095, c=343.684, Sd=0.0022, Cms=0.00098)"
         reason=File failed strict schema validation
[04:43:52] SCHEMA_FAIL errors=2
[04:46:40] PROBLEM field=html_pdf_mismatch item=SW070WA01_02 url=http://www.wavecor.com/html/sw070wa01_02.html offset=0
         raw_value='Znom: HTML=4 PDF=8 (100% diff)'
         reason=HTML and PDF values disagree by >10%
[04:46:40] PROBLEM field=FRD_fetch item=SW070WA01_02 url=https://www.wavecor.com/SW070WA01_02_SPL_response.txt offset=0
         raw_value=None
         reason=HTTP Error 404: Not Found
[04:46:41] PROBLEM field=IMP_fetch item=SW070WA01_02 url=https://www.wavecor.com/SW070WA01_02_impedance_response.txt offset=0
         raw_value=None
         reason=HTTP Error 404: Not Found
[04:46:41] PROBLEM field=schema_fail item=SW070WA01_02 url=http://www.wavecor.com/html/sw070wa01_02.html offset=0
         raw_value="WDR: 'Qts' stored=0.39 differs from calculated=0.394135 (deps: Qms=6.4, Qes=0.42)"
         reason=File failed strict schema validation
[04:46:41] PROBLEM field=schema_fail item=SW070WA01_02 url=http://www.wavecor.com/html/sw070wa01_02.html offset=0
         raw_value="WDR: 'Vas' stored=0.00068 differs from calculated=0.000672847 (deps: roo=1.20095, c=343.684, Sd=0.0022, Cms=0.00098)"
         reason=File failed strict schema validation
[04:46:41] SCHEMA_FAIL errors=2
[04:47:15] PROBLEM field=html_pdf_mismatch item=SW070WA01_02 url=http://www.wavecor.com/html/sw070wa01_02.html offset=0
         raw_value='Znom: HTML=4 PDF=8 (100% diff)'
         reason=HTML and PDF values disagree by >10%
[04:47:16] PROBLEM field=FRD_fetch item=SW070WA01_02 url=https://www.wavecor.com/SW070WA01_02_SPL_response.txt offset=0
         raw_value=None
         reason=HTTP Error 404: Not Found
[04:47:16] PROBLEM field=IMP_fetch item=SW070WA01_02 url=https://www.wavecor.com/SW070WA01_02_impedance_response.txt offset=0
         raw_value=None
         reason=HTTP Error 404: Not Found
[04:47:16] PROBLEM field=schema_fail item=SW070WA01_02 url=http://www.wavecor.com/html/sw070wa01_02.html offset=0
         raw_value="WDR: 'Qts' stored=0.39 differs from calculated=0.394135 (deps: Qms=6.4, Qes=0.42)"
         reason=File failed strict schema validation
[04:47:16] PROBLEM field=schema_fail item=SW070WA01_02 url=http://www.wavecor.com/html/sw070wa01_02.html offset=0
         raw_value="WDR: 'Vas' stored=0.00068 differs from calculated=0.000672847 (deps: roo=1.20095, c=343.684, Sd=0.0022, Cms=0.00098)"
         reason=File failed strict schema validation
[04:47:16] SCHEMA_FAIL errors=2
