[03:59:41] PROBLEM field=html_pdf_mismatch item=SW118WA01_02 url=http://www.wavecor.com/html/sw118wa01_02.html offset=0
         raw_value='Znom: HTML=4 PDF=8 (100% diff)'
         reason=HTML and PDF values disagree by >10%
[03:59:41] PROBLEM field=FRD_fetch item=SW118WA01_02 url=https://www.wavecor.com/Driver%20measurements%20TXT/SPL%20response/SW118WA01_02_SPL_response.txt offset=0
         raw_value=None
         reason=HTTP Error 404: Not Found
[03:59:41] PROBLEM field=IMP_fetch item=SW118WA01_02 url=https://www.wavecor.com/Driver%20measurements%20TXT/Impedance%20response/SW118WA01_02_impedance_response.txt offset=0
         raw_value=None
         reason=HTTP Error 404: Not Found
[03:59:41] DONE problems=3
[04:02:33] PROBLEM field=html_pdf_mismatch item=SW118WA01_02 url=http://www.wavecor.com/html/sw118wa01_02.html offset=0
         raw_value='Znom: HTML=4 PDF=8 (100% diff)'
         reason=HTML and PDF values disagree by >10%
[04:02:33] PROBLEM field=FRD_fetch item=SW118WA01_02 url=https://www.wavecor.com/Driver%20measurements%20TXT/SPL%20response/SW118WA01_02_SPL_response.txt offset=0
         raw_value=None
         reason=HTTP Error 404: Not Found
[04:02:33] PROBLEM field=IMP_fetch item=SW118WA01_02 url=https://www.wavecor.com/Driver%20measurements%20TXT/Impedance%20response/SW118WA01_02_impedance_response.txt offset=0
         raw_value=None
         reason=HTTP Error 404: Not Found
[04:02:33] DONE problems=3
[04:12:12] PROBLEM field=html_pdf_mismatch item=SW118WA01_02 url=http://www.wavecor.com/html/sw118wa01_02.html offset=0
         raw_value='Znom: HTML=4 PDF=8 (100% diff)'
         reason=HTML and PDF values disagree by >10%
[04:12:12] PROBLEM field=FRD_fetch item=SW118WA01_02 url=https://www.wavecor.com/Driver%20measurements%20TXT/SPL%20response/SW118WA01_02_SPL_response.txt offset=0
         raw_value=None
         reason=HTTP Error 404: Not Found
[04:12:12] PROBLEM field=IMP_fetch item=SW118WA01_02 url=https://www.wavecor.com/Driver%20measurements%20TXT/Impedance%20response/SW118WA01_02_impedance_response.txt offset=0
         raw_value=None
         reason=HTTP Error 404: Not Found
[04:12:12] DONE problems=3
[04:35:11] PROBLEM field=html_pdf_mismatch item=SW118WA01_02 url=http://www.wavecor.com/html/sw118wa01_02.html offset=0
         raw_value='Znom: HTML=4 PDF=8 (100% diff)'
         reason=HTML and PDF values disagree by >10%
[04:35:11] DONE problems=1
[04:37:58] PROBLEM field=html_pdf_mismatch item=SW118WA01_02 url=http://www.wavecor.com/html/sw118wa01_02.html offset=0
         raw_value='Znom: HTML=4 PDF=8 (100% diff)'
         reason=HTML and PDF values disagree by >10%
[04:37:58] PROBLEM field=FRD_fetch item=SW118WA01_02 url=https://www.wavecor.com/SW118WA01_02_SPL_response.txt offset=0
         raw_value=None
         reason=HTTP Error 404: Not Found
[04:37:58] PROBLEM field=IMP_fetch item=SW118WA01_02 url=https://www.wavecor.com/SW118WA01_02_impedance_response.txt offset=0
         raw_value=None
         reason=HTTP Error 404: Not Found
[04:37:58] DONE problems=3
[04:43:52] PROBLEM field=html_pdf_mismatch item=SW118WA01_02 url=http://www.wavecor.com/html/sw118wa01_02.html offset=0
         raw_value='Znom: HTML=4 PDF=8 (100% diff)'
         reason=HTML and PDF values disagree by >10%
[04:43:52] PROBLEM field=FRD_fetch item=SW118WA01_02 url=https://www.wavecor.com/SW118WA01_02_SPL_response.txt offset=0
         raw_value=None
         reason=HTTP Error 404: Not Found
[04:43:52] PROBLEM field=IMP_fetch item=SW118WA01_02 url=https://www.wavecor.com/SW118WA01_02_impedance_response.txt offset=0
         raw_value=None
         reason=HTTP Error 404: Not Found
[04:43:52] DONE problems=3
[04:46:41] PROBLEM field=html_pdf_mismatch item=SW118WA01_02 url=http://www.wavecor.com/html/sw118wa01_02.html offset=0
         raw_value='Znom: HTML=4 PDF=8 (100% diff)'
         reason=HTML and PDF values disagree by >10%
[04:46:41] PROBLEM field=FRD_fetch item=SW118WA01_02 url=https://www.wavecor.com/SW118WA01_02_SPL_response.txt offset=0
         raw_value=None
         reason=HTTP Error 404: Not Found
[04:46:41] PROBLEM field=IMP_fetch item=SW118WA01_02 url=https://www.wavecor.com/SW118WA01_02_impedance_response.txt offset=0
         raw_value=None
         reason=HTTP Error 404: Not Found
[04:46:41] DONE problems=3
[04:47:16] PROBLEM field=html_pdf_mismatch item=SW118WA01_02 url=http://www.wavecor.com/html/sw118wa01_02.html offset=0
         raw_value='Znom: HTML=4 PDF=8 (100% diff)'
         reason=HTML and PDF values disagree by >10%
[04:47:16] PROBLEM field=FRD_fetch item=SW118WA01_02 url=https://www.wavecor.com/SW118WA01_02_SPL_response.txt offset=0
         raw_value=None
         reason=HTTP Error 404: Not Found
[04:47:16] PROBLEM field=IMP_fetch item=SW118WA01_02 url=https://www.wavecor.com/SW118WA01_02_impedance_response.txt offset=0
         raw_value=None
         reason=HTTP Error 404: Not Found
[04:47:16] DONE problems=3
