[03:59:43] PROBLEM field=pdf_fetch item=SW215WA01_02 url=https://www.wavecor.com/Driver%20specifications%20PDF/SW215WA01_02_specifications.pdf offset=0
         raw_value=None
         reason=Could not download or cache PDF
[03:59:43] PROBLEM field=FRD_fetch item=SW215WA01_02 url=https://www.wavecor.com/Driver%20measurements%20TXT/SPL%20response/SW215WA01_02_SPL_response.txt offset=0
         raw_value=None
         reason=HTTP Error 404: Not Found
[03:59:44] PROBLEM field=IMP_fetch item=SW215WA01_02 url=https://www.wavecor.com/Driver%20measurements%20TXT/Impedance%20response/SW215WA01_02_impedance_response.txt offset=0
         raw_value=None
         reason=HTTP Error 404: Not Found
[03:59:44] DONE problems=3
[04:02:35] PROBLEM field=pdf_fetch item=SW215WA01_02 url=https://www.wavecor.com/Driver%20specifications%20PDF/SW215WA01_02_specifications.pdf offset=0
         raw_value=None
         reason=Could not download or cache PDF
[04:02:36] PROBLEM field=FRD_fetch item=SW215WA01_02 url=https://www.wavecor.com/Driver%20measurements%20TXT/SPL%20response/SW215WA01_02_SPL_response.txt offset=0
         raw_value=None
         reason=HTTP Error 404: Not Found
[04:02:36] PROBLEM field=IMP_fetch item=SW215WA01_02 url=https://www.wavecor.com/Driver%20measurements%20TXT/Impedance%20response/SW215WA01_02_impedance_response.txt offset=0
         raw_value=None
         reason=HTTP Error 404: Not Found
[04:02:36] DONE problems=3
[04:12:14] PROBLEM field=pdf_fetch item=SW215WA01_02 url=https://www.wavecor.com/Driver%20specifications%20PDF/SW215WA01_02_specifications.pdf offset=0
         raw_value=None
         reason=Could not download or cache PDF
[04:12:14] PROBLEM field=FRD_fetch item=SW215WA01_02 url=https://www.wavecor.com/Driver%20measurements%20TXT/SPL%20response/SW215WA01_02_SPL_response.txt offset=0
         raw_value=None
         reason=HTTP Error 404: Not Found
[04:12:14] PROBLEM field=IMP_fetch item=SW215WA01_02 url=https://www.wavecor.com/Driver%20measurements%20TXT/Impedance%20response/SW215WA01_02_impedance_response.txt offset=0
         raw_value=None
         reason=HTTP Error 404: Not Found
[04:12:14] DONE problems=3
[04:35:18] DONE problems=0
[04:38:00] PROBLEM field=pdf_fetch item=SW215WA01_02 url=https://www.wavecor.com/SW215WA01_02_specifications.pdf offset=0
         raw_value=None
         reason=Could not download or cache PDF
[04:38:00] PROBLEM field=FRD_fetch item=SW215WA01_02 url=https://www.wavecor.com/SW215WA01_02_SPL_response.txt offset=0
         raw_value=None
         reason=HTTP Error 404: Not Found
[04:38:00] PROBLEM field=IMP_fetch item=SW215WA01_02 url=https://www.wavecor.com/SW215WA01_02_impedance_response.txt offset=0
         raw_value=None
         reason=HTTP Error 404: Not Found
[04:38:00] DONE problems=3
[04:43:54] PROBLEM field=pdf_fetch item=SW215WA01_02 url=https://www.wavecor.com/SW215WA01_02_specifications.pdf offset=0
         raw_value=None
         reason=Could not download or cache PDF
[04:43:54] PROBLEM field=FRD_fetch item=SW215WA01_02 url=https://www.wavecor.com/SW215WA01_02_SPL_response.txt offset=0
         raw_value=None
         reason=HTTP Error 404: Not Found
[04:43:54] PROBLEM field=IMP_fetch item=SW215WA01_02 url=https://www.wavecor.com/SW215WA01_02_impedance_response.txt offset=0
         raw_value=None
         reason=HTTP Error 404: Not Found
[04:43:54] DONE problems=3
[04:46:43] PROBLEM field=pdf_fetch item=SW215WA01_02 url=https://www.wavecor.com/SW215WA01_02_specifications.pdf offset=0
         raw_value=None
         reason=Could not download or cache PDF
[04:46:43] PROBLEM field=FRD_fetch item=SW215WA01_02 url=https://www.wavecor.com/SW215WA01_02_SPL_response.txt offset=0
         raw_value=None
         reason=HTTP Error 404: Not Found
[04:46:43] PROBLEM field=IMP_fetch item=SW215WA01_02 url=https://www.wavecor.com/SW215WA01_02_impedance_response.txt offset=0
         raw_value=None
         reason=HTTP Error 404: Not Found
[04:46:43] DONE problems=3
[04:47:18] PROBLEM field=pdf_fetch item=SW215WA01_02 url=https://www.wavecor.com/SW215WA01_02_specifications.pdf offset=0
         raw_value=None
         reason=Could not download or cache PDF
[04:47:19] PROBLEM field=FRD_fetch item=SW215WA01_02 url=https://www.wavecor.com/SW215WA01_02_SPL_response.txt offset=0
         raw_value=None
         reason=HTTP Error 404: Not Found
[04:47:19] PROBLEM field=IMP_fetch item=SW215WA01_02 url=https://www.wavecor.com/SW215WA01_02_impedance_response.txt offset=0
         raw_value=None
         reason=HTTP Error 404: Not Found
[04:47:19] DONE problems=3
