[03:59:45] PROBLEM field=FRD_fetch item=SW270WA01 url=https://www.wavecor.com/Driver%20measurements%20TXT/SPL%20response/SW270WA01_SPL_response.txt offset=0
         raw_value=None
         reason=HTTP Error 404: Not Found
[03:59:45] PROBLEM field=IMP_fetch item=SW270WA01 url=https://www.wavecor.com/Driver%20measurements%20TXT/Impedance%20response/SW270WA01_impedance_response.txt offset=0
         raw_value=None
         reason=HTTP Error 404: Not Found
[03:59:45] PROBLEM field=schema_fail item=SW270WA01 url=http://www.wavecor.com/html/sw270wa01.html offset=0
         raw_value="WDR: 'Qts' stored=0.49 differs from calculated=0.497451 (deps: Qms=8.1, Qes=0.53)"
         reason=File failed strict schema validation
[03:59:45] SCHEMA_FAIL errors=1
[04:02:37] PROBLEM field=FRD_fetch item=SW270WA01 url=https://www.wavecor.com/Driver%20measurements%20TXT/SPL%20response/SW270WA01_SPL_response.txt offset=0
         raw_value=None
         reason=HTTP Error 404: Not Found
[04:02:37] PROBLEM field=IMP_fetch item=SW270WA01 url=https://www.wavecor.com/Driver%20measurements%20TXT/Impedance%20response/SW270WA01_impedance_response.txt offset=0
         raw_value=None
         reason=HTTP Error 404: Not Found
[04:02:37] PROBLEM field=schema_fail item=SW270WA01 url=http://www.wavecor.com/html/sw270wa01.html offset=0
         raw_value="WDR: 'Qts' stored=0.49 differs from calculated=0.497451 (deps: Qms=8.1, Qes=0.53)"
         reason=File failed strict schema validation
[04:02:37] SCHEMA_FAIL errors=1
[04:12:16] PROBLEM field=FRD_fetch item=SW270WA01 url=https://www.wavecor.com/Driver%20measurements%20TXT/SPL%20response/SW270WA01_SPL_response.txt offset=0
         raw_value=None
         reason=HTTP Error 404: Not Found
[04:12:16] PROBLEM field=IMP_fetch item=SW270WA01 url=https://www.wavecor.com/Driver%20measurements%20TXT/Impedance%20response/SW270WA01_impedance_response.txt offset=0
         raw_value=None
         reason=HTTP Error 404: Not Found
[04:12:16] PROBLEM field=schema_fail item=SW270WA01 url=http://www.wavecor.com/html/sw270wa01.html offset=0
         raw_value="WDR: 'Qts' stored=0.49 differs from calculated=0.497451 (deps: Qms=8.1, Qes=0.53)"
         reason=File failed strict schema validation
[04:12:16] SCHEMA_FAIL errors=1
[04:35:21] PROBLEM field=schema_fail item=SW270WA01 url=http://www.wavecor.com/html/sw270wa01.html offset=0
         raw_value="WDR: 'Qts' stored=0.49 differs from calculated=0.497451 (deps: Qms=8.1, Qes=0.53)"
         reason=File failed strict schema validation
[04:35:21] SCHEMA_FAIL errors=1
[04:38:01] PROBLEM field=FRD_fetch item=SW270WA01 url=https://www.wavecor.com/SW270WA01_SPL_response.txt offset=0
         raw_value=None
         reason=HTTP Error 404: Not Found
[04:38:01] PROBLEM field=IMP_fetch item=SW270WA01 url=https://www.wavecor.com/SW270WA01_impedance_response.txt offset=0
         raw_value=None
         reason=HTTP Error 404: Not Found
[04:38:01] PROBLEM field=schema_fail item=SW270WA01 url=http://www.wavecor.com/html/sw270wa01.html offset=0
         raw_value="WDR: 'Qts' stored=0.49 differs from calculated=0.497451 (deps: Qms=8.1, Qes=0.53)"
         reason=File failed strict schema validation
[04:38:01] SCHEMA_FAIL errors=1
[04:43:55] PROBLEM field=FRD_fetch item=SW270WA01 url=https://www.wavecor.com/SW270WA01_SPL_response.txt offset=0
         raw_value=None
         reason=HTTP Error 404: Not Found
[04:43:55] PROBLEM field=IMP_fetch item=SW270WA01 url=https://www.wavecor.com/SW270WA01_impedance_response.txt offset=0
         raw_value=None
         reason=HTTP Error 404: Not Found
[04:43:55] PROBLEM field=schema_fail item=SW270WA01 url=http://www.wavecor.com/html/sw270wa01.html offset=0
         raw_value="WDR: 'Qts' stored=0.49 differs from calculated=0.497451 (deps: Qms=8.1, Qes=0.53)"
         reason=File failed strict schema validation
[04:43:55] SCHEMA_FAIL errors=1
[04:46:44] PROBLEM field=FRD_fetch item=SW270WA01 url=https://www.wavecor.com/SW270WA01_SPL_response.txt offset=0
         raw_value=None
         reason=HTTP Error 404: Not Found
[04:46:44] PROBLEM field=IMP_fetch item=SW270WA01 url=https://www.wavecor.com/SW270WA01_impedance_response.txt offset=0
         raw_value=None
         reason=HTTP Error 404: Not Found
[04:46:44] PROBLEM field=schema_fail item=SW270WA01 url=http://www.wavecor.com/html/sw270wa01.html offset=0
         raw_value="WDR: 'Qts' stored=0.49 differs from calculated=0.497451 (deps: Qms=8.1, Qes=0.53)"
         reason=File failed strict schema validation
[04:46:44] SCHEMA_FAIL errors=1
[04:47:20] PROBLEM field=FRD_fetch item=SW270WA01 url=https://www.wavecor.com/SW270WA01_SPL_response.txt offset=0
         raw_value=None
         reason=HTTP Error 404: Not Found
[04:47:20] PROBLEM field=IMP_fetch item=SW270WA01 url=https://www.wavecor.com/SW270WA01_impedance_response.txt offset=0
         raw_value=None
         reason=HTTP Error 404: Not Found
[04:47:20] PROBLEM field=schema_fail item=SW270WA01 url=http://www.wavecor.com/html/sw270wa01.html offset=0
         raw_value="WDR: 'Qts' stored=0.49 differs from calculated=0.497451 (deps: Qms=8.1, Qes=0.53)"
         reason=File failed strict schema validation
[04:47:20] SCHEMA_FAIL errors=1
