[03:20:50] PROBLEM field=schema_fail item=TW022WA04 url=http://www.wavecor.com/html/tw022wa04.html offset=0
         raw_value="WDR: 'Vas' stored=0.0076 differs from calculated=7.60093e-06 (deps: roo=1.20095, c=343.684, Sd=0.00061, Cms=0.000144)"
         reason=File failed strict schema validation
[03:20:50] SCHEMA_FAIL errors=1
[03:42:35] PROBLEM field=html_pdf_mismatch item=TW022WA04 url=http://www.wavecor.com/html/tw022wa04.html offset=0
         raw_value='Vas: HTML=7.6e-06 PDF=0.0076 (99900% diff)'
         reason=HTML and PDF values disagree by >10%
[03:42:35] PROBLEM field=schema_fail item=TW022WA04 url=http://www.wavecor.com/html/tw022wa04.html offset=0
         raw_value="WDR: 'Vas' stored=0.0076 differs from calculated=7.60093e-06 (deps: roo=1.20095, c=343.684, Sd=0.00061, Cms=0.000144)"
         reason=File failed strict schema validation
[03:42:35] SCHEMA_FAIL errors=1
[03:59:22] PROBLEM field=html_pdf_mismatch item=TW022WA04 url=http://www.wavecor.com/html/tw022wa04.html offset=0
         raw_value='Vas: HTML=7.6e-06 PDF=0.0076 (99900% diff)'
         reason=HTML and PDF values disagree by >10%
[03:59:22] PROBLEM field=schema_fail item=TW022WA04 url=http://www.wavecor.com/html/tw022wa04.html offset=0
         raw_value="WDR: 'Vas' stored=0.0076 differs from calculated=7.60093e-06 (deps: roo=1.20095, c=343.684, Sd=0.00061, Cms=0.000144)"
         reason=File failed strict schema validation
[03:59:22] SCHEMA_FAIL errors=1
[04:02:13] DONE problems=0
[04:11:31] DONE problems=0
[04:11:53] DONE problems=0
[04:18:16] DONE problems=0
[04:34:05] PROBLEM field=pdf_fetch item=TW022WA04 url=http://www.wavecor.com/TW022WA04_specifications.pdf offset=0
         raw_value=None
         reason=Could not download or cache PDF
[04:34:05] DONE problems=1
[04:37:40] PROBLEM field=pdf_fetch item=TW022WA04 url=http://www.wavecor.com/TW022WA04_specifications.pdf offset=0
         raw_value=None
         reason=Could not download or cache PDF
[04:37:40] DONE problems=1
[04:43:37] PROBLEM field=pdf_fetch item=TW022WA04 url=http://www.wavecor.com/TW022WA04_specifications.pdf offset=0
         raw_value=None
         reason=Could not download or cache PDF
[04:43:37] DONE problems=1
[04:46:26] PROBLEM field=pdf_fetch item=TW022WA04 url=http://www.wavecor.com/TW022WA04_specifications.pdf offset=0
         raw_value=None
         reason=Could not download or cache PDF
[04:46:26] DONE problems=1
[04:46:59] PROBLEM field=pdf_fetch item=TW022WA04 url=http://www.wavecor.com/TW022WA04_specifications.pdf offset=0
         raw_value=None
         reason=Could not download or cache PDF
[04:46:59] DONE problems=1
