[03:59:24] PROBLEM field=html_pdf_mismatch item=TW030WA21_22 url=http://www.wavecor.com/html/tw030wa21_22.html offset=0
         raw_value='Znom: HTML=4 PDF=8 (100% diff)'
         reason=HTML and PDF values disagree by >10%
[03:59:24] PROBLEM field=html_pdf_mismatch item=TW030WA21_22 url=http://www.wavecor.com/html/tw030wa21_22.html offset=0
         raw_value='Vas: HTML=1.9e-05 PDF=0.019 (99900% diff)'
         reason=HTML and PDF values disagree by >10%
[03:59:24] PROBLEM field=FRD_fetch item=TW030WA21_22 url=https://www.wavecor.com/Driver%20measurements%20TXT/SPL%20response/TW030WA21_22_SPL_response.txt offset=0
         raw_value=None
         reason=HTTP Error 404: Not Found
[03:59:24] PROBLEM field=IMP_fetch item=TW030WA21_22 url=https://www.wavecor.com/Driver%20measurements%20TXT/Impedance%20response/TW030WA21_22_impedance_response.txt offset=0
         raw_value=None
         reason=HTTP Error 404: Not Found
[03:59:24] PROBLEM field=schema_fail item=TW030WA21_22 url=http://www.wavecor.com/html/tw030wa21_22.html offset=0
         raw_value="WDR: 'Vas' stored=0.019 differs from calculated=1.87603e-05 (deps: roo=1.20095, c=343.684, Sd=0.00115, Cms=0.0001)"
         reason=File failed strict schema validation
[03:59:24] SCHEMA_FAIL errors=1
[04:02:15] PROBLEM field=html_pdf_mismatch item=TW030WA21_22 url=http://www.wavecor.com/html/tw030wa21_22.html offset=0
         raw_value='Znom: HTML=4 PDF=8 (100% diff)'
         reason=HTML and PDF values disagree by >10%
[04:02:15] PROBLEM field=html_pdf_mismatch item=TW030WA21_22 url=http://www.wavecor.com/html/tw030wa21_22.html offset=0
         raw_value='Vas: HTML=1.9e-05 PDF=0.019 (99900% diff)'
         reason=HTML and PDF values disagree by >10%
[04:02:15] PROBLEM field=FRD_fetch item=TW030WA21_22 url=https://www.wavecor.com/Driver%20measurements%20TXT/SPL%20response/TW030WA21_22_SPL_response.txt offset=0
         raw_value=None
         reason=HTTP Error 404: Not Found
[04:02:15] PROBLEM field=IMP_fetch item=TW030WA21_22 url=https://www.wavecor.com/Driver%20measurements%20TXT/Impedance%20response/TW030WA21_22_impedance_response.txt offset=0
         raw_value=None
         reason=HTTP Error 404: Not Found
[04:02:15] PROBLEM field=schema_fail item=TW030WA21_22 url=http://www.wavecor.com/html/tw030wa21_22.html offset=0
         raw_value="WDR: 'Vas' stored=0.019 differs from calculated=1.87603e-05 (deps: roo=1.20095, c=343.684, Sd=0.00115, Cms=0.0001)"
         reason=File failed strict schema validation
[04:02:15] SCHEMA_FAIL errors=1
[04:11:55] PROBLEM field=html_pdf_mismatch item=TW030WA21_22 url=http://www.wavecor.com/html/tw030wa21_22.html offset=0
         raw_value='Znom: HTML=4 PDF=8 (100% diff)'
         reason=HTML and PDF values disagree by >10%
[04:11:55] PROBLEM field=html_pdf_mismatch item=TW030WA21_22 url=http://www.wavecor.com/html/tw030wa21_22.html offset=0
         raw_value='Vas: HTML=1.9e-05 PDF=0.019 (99900% diff)'
         reason=HTML and PDF values disagree by >10%
[04:11:55] PROBLEM field=FRD_fetch item=TW030WA21_22 url=https://www.wavecor.com/Driver%20measurements%20TXT/SPL%20response/TW030WA21_22_SPL_response.txt offset=0
         raw_value=None
         reason=HTTP Error 404: Not Found
[04:11:55] PROBLEM field=IMP_fetch item=TW030WA21_22 url=https://www.wavecor.com/Driver%20measurements%20TXT/Impedance%20response/TW030WA21_22_impedance_response.txt offset=0
         raw_value=None
         reason=HTTP Error 404: Not Found
[04:11:55] PROBLEM field=schema_fail item=TW030WA21_22 url=http://www.wavecor.com/html/tw030wa21_22.html offset=0
         raw_value="WDR: 'Vas' stored=0.019 differs from calculated=1.87603e-05 (deps: roo=1.20095, c=343.684, Sd=0.00115, Cms=0.0001)"
         reason=File failed strict schema validation
[04:11:55] SCHEMA_FAIL errors=1
[04:34:14] PROBLEM field=html_pdf_mismatch item=TW030WA21_22 url=http://www.wavecor.com/html/tw030wa21_22.html offset=0
         raw_value='Znom: HTML=4 PDF=8 (100% diff)'
         reason=HTML and PDF values disagree by >10%
[04:34:14] PROBLEM field=html_pdf_mismatch item=TW030WA21_22 url=http://www.wavecor.com/html/tw030wa21_22.html offset=0
         raw_value='Vas: HTML=1.9e-05 PDF=0.019 (99900% diff)'
         reason=HTML and PDF values disagree by >10%
[04:34:14] PROBLEM field=schema_fail item=TW030WA21_22 url=http://www.wavecor.com/html/tw030wa21_22.html offset=0
         raw_value="WDR: 'Vas' stored=1.9e-05 differs from calculated=1.87603e-05 (deps: roo=1.20095, c=343.684, Sd=0.00115, Cms=0.0001)"
         reason=File failed strict schema validation
[04:34:14] SCHEMA_FAIL errors=1
[04:37:42] PROBLEM field=html_pdf_mismatch item=TW030WA21_22 url=http://www.wavecor.com/html/tw030wa21_22.html offset=0
         raw_value='Znom: HTML=4 PDF=8 (100% diff)'
         reason=HTML and PDF values disagree by >10%
[04:37:42] PROBLEM field=html_pdf_mismatch item=TW030WA21_22 url=http://www.wavecor.com/html/tw030wa21_22.html offset=0
         raw_value='Vas: HTML=1.9e-05 PDF=0.019 (99900% diff)'
         reason=HTML and PDF values disagree by >10%
[04:37:42] PROBLEM field=schema_fail item=TW030WA21_22 url=http://www.wavecor.com/html/tw030wa21_22.html offset=0
         raw_value="WDR: 'Vas' stored=1.9e-05 differs from calculated=1.87603e-05 (deps: roo=1.20095, c=343.684, Sd=0.00115, Cms=0.0001)"
         reason=File failed strict schema validation
[04:37:42] SCHEMA_FAIL errors=1
[04:43:38] PROBLEM field=html_pdf_mismatch item=TW030WA21_22 url=http://www.wavecor.com/html/tw030wa21_22.html offset=0
         raw_value='Znom: HTML=4 PDF=8 (100% diff)'
         reason=HTML and PDF values disagree by >10%
[04:43:38] PROBLEM field=html_pdf_mismatch item=TW030WA21_22 url=http://www.wavecor.com/html/tw030wa21_22.html offset=0
         raw_value='Vas: HTML=1.9e-05 PDF=0.019 (99900% diff)'
         reason=HTML and PDF values disagree by >10%
[04:43:38] PROBLEM field=schema_fail item=TW030WA21_22 url=http://www.wavecor.com/html/tw030wa21_22.html offset=0
         raw_value="WDR: 'Vas' stored=1.9e-05 differs from calculated=1.87603e-05 (deps: roo=1.20095, c=343.684, Sd=0.00115, Cms=0.0001)"
         reason=File failed strict schema validation
[04:43:38] SCHEMA_FAIL errors=1
[04:46:28] PROBLEM field=html_pdf_mismatch item=TW030WA21_22 url=http://www.wavecor.com/html/tw030wa21_22.html offset=0
         raw_value='Znom: HTML=4 PDF=8 (100% diff)'
         reason=HTML and PDF values disagree by >10%
[04:46:28] PROBLEM field=html_pdf_mismatch item=TW030WA21_22 url=http://www.wavecor.com/html/tw030wa21_22.html offset=0
         raw_value='Vas: HTML=1.9e-05 PDF=0.019 (99900% diff)'
         reason=HTML and PDF values disagree by >10%
[04:46:28] PROBLEM field=schema_fail item=TW030WA21_22 url=http://www.wavecor.com/html/tw030wa21_22.html offset=0
         raw_value="WDR: 'Vas' stored=1.9e-05 differs from calculated=1.87603e-05 (deps: roo=1.20095, c=343.684, Sd=0.00115, Cms=0.0001)"
         reason=File failed strict schema validation
[04:46:28] SCHEMA_FAIL errors=1
[04:47:01] PROBLEM field=html_pdf_mismatch item=TW030WA21_22 url=http://www.wavecor.com/html/tw030wa21_22.html offset=0
         raw_value='Znom: HTML=4 PDF=8 (100% diff)'
         reason=HTML and PDF values disagree by >10%
[04:47:01] PROBLEM field=html_pdf_mismatch item=TW030WA21_22 url=http://www.wavecor.com/html/tw030wa21_22.html offset=0
         raw_value='Vas: HTML=1.9e-05 PDF=0.019 (99900% diff)'
         reason=HTML and PDF values disagree by >10%
[04:47:01] PROBLEM field=schema_fail item=TW030WA21_22 url=http://www.wavecor.com/html/tw030wa21_22.html offset=0
         raw_value="WDR: 'Vas' stored=1.9e-05 differs from calculated=1.87603e-05 (deps: roo=1.20095, c=343.684, Sd=0.00115, Cms=0.0001)"
         reason=File failed strict schema validation
[04:47:01] SCHEMA_FAIL errors=1
