[03:59:30] PROBLEM field=html_pdf_mismatch item=WF090WA01_02 url=http://www.wavecor.com/html/wf090wa01_02.html offset=0
         raw_value='Znom: HTML=4 PDF=8 (100% diff)'
         reason=HTML and PDF values disagree by >10%
[03:59:30] PROBLEM field=FRD_fetch item=WF090WA01_02 url=https://www.wavecor.com/Driver%20measurements%20TXT/SPL%20response/WF090WA01_02_SPL_response.txt offset=0
         raw_value=None
         reason=HTTP Error 404: Not Found
[03:59:31] PROBLEM field=IMP_fetch item=WF090WA01_02 url=https://www.wavecor.com/Driver%20measurements%20TXT/Impedance%20response/WF090WA01_02_impedance_response.txt offset=0
         raw_value=None
         reason=HTTP Error 404: Not Found
[03:59:31] DONE problems=3
[04:02:22] PROBLEM field=html_pdf_mismatch item=WF090WA01_02 url=http://www.wavecor.com/html/wf090wa01_02.html offset=0
         raw_value='Znom: HTML=4 PDF=8 (100% diff)'
         reason=HTML and PDF values disagree by >10%
[04:02:22] PROBLEM field=FRD_fetch item=WF090WA01_02 url=https://www.wavecor.com/Driver%20measurements%20TXT/SPL%20response/WF090WA01_02_SPL_response.txt offset=0
         raw_value=None
         reason=HTTP Error 404: Not Found
[04:02:22] PROBLEM field=IMP_fetch item=WF090WA01_02 url=https://www.wavecor.com/Driver%20measurements%20TXT/Impedance%20response/WF090WA01_02_impedance_response.txt offset=0
         raw_value=None
         reason=HTTP Error 404: Not Found
[04:02:22] DONE problems=3
[04:12:01] PROBLEM field=html_pdf_mismatch item=WF090WA01_02 url=http://www.wavecor.com/html/wf090wa01_02.html offset=0
         raw_value='Znom: HTML=4 PDF=8 (100% diff)'
         reason=HTML and PDF values disagree by >10%
[04:12:02] PROBLEM field=FRD_fetch item=WF090WA01_02 url=https://www.wavecor.com/Driver%20measurements%20TXT/SPL%20response/WF090WA01_02_SPL_response.txt offset=0
         raw_value=None
         reason=HTTP Error 404: Not Found
[04:12:02] PROBLEM field=IMP_fetch item=WF090WA01_02 url=https://www.wavecor.com/Driver%20measurements%20TXT/Impedance%20response/WF090WA01_02_impedance_response.txt offset=0
         raw_value=None
         reason=HTTP Error 404: Not Found
[04:12:02] DONE problems=3
[04:34:36] PROBLEM field=html_pdf_mismatch item=WF090WA01_02 url=http://www.wavecor.com/html/wf090wa01_02.html offset=0
         raw_value='Znom: HTML=4 PDF=8 (100% diff)'
         reason=HTML and PDF values disagree by >10%
[04:34:36] DONE problems=1
[04:37:48] PROBLEM field=html_pdf_mismatch item=WF090WA01_02 url=http://www.wavecor.com/html/wf090wa01_02.html offset=0
         raw_value='Znom: HTML=4 PDF=8 (100% diff)'
         reason=HTML and PDF values disagree by >10%
[04:37:48] PROBLEM field=FRD_fetch item=WF090WA01_02 url=https://www.wavecor.com/WF090WA01_02_SPL_response.txt offset=0
         raw_value=None
         reason=HTTP Error 404: Not Found
[04:37:48] PROBLEM field=IMP_fetch item=WF090WA01_02 url=https://www.wavecor.com/WF090WA01_02_impedance_response.txt offset=0
         raw_value=None
         reason=HTTP Error 404: Not Found
[04:37:48] DONE problems=3
[04:43:43] PROBLEM field=html_pdf_mismatch item=WF090WA01_02 url=http://www.wavecor.com/html/wf090wa01_02.html offset=0
         raw_value='Znom: HTML=4 PDF=8 (100% diff)'
         reason=HTML and PDF values disagree by >10%
[04:43:43] PROBLEM field=FRD_fetch item=WF090WA01_02 url=https://www.wavecor.com/WF090WA01_02_SPL_response.txt offset=0
         raw_value=None
         reason=HTTP Error 404: Not Found
[04:43:43] PROBLEM field=IMP_fetch item=WF090WA01_02 url=https://www.wavecor.com/WF090WA01_02_impedance_response.txt offset=0
         raw_value=None
         reason=HTTP Error 404: Not Found
[04:43:43] DONE problems=3
[04:46:32] PROBLEM field=html_pdf_mismatch item=WF090WA01_02 url=http://www.wavecor.com/html/wf090wa01_02.html offset=0
         raw_value='Znom: HTML=4 PDF=8 (100% diff)'
         reason=HTML and PDF values disagree by >10%
[04:46:32] PROBLEM field=FRD_fetch item=WF090WA01_02 url=https://www.wavecor.com/WF090WA01_02_SPL_response.txt offset=0
         raw_value=None
         reason=HTTP Error 404: Not Found
[04:46:32] PROBLEM field=IMP_fetch item=WF090WA01_02 url=https://www.wavecor.com/WF090WA01_02_impedance_response.txt offset=0
         raw_value=None
         reason=HTTP Error 404: Not Found
[04:46:32] DONE problems=3
[04:47:06] PROBLEM field=html_pdf_mismatch item=WF090WA01_02 url=http://www.wavecor.com/html/wf090wa01_02.html offset=0
         raw_value='Znom: HTML=4 PDF=8 (100% diff)'
         reason=HTML and PDF values disagree by >10%
[04:47:07] PROBLEM field=FRD_fetch item=WF090WA01_02 url=https://www.wavecor.com/WF090WA01_02_SPL_response.txt offset=0
         raw_value=None
         reason=HTTP Error 404: Not Found
[04:47:07] PROBLEM field=IMP_fetch item=WF090WA01_02 url=https://www.wavecor.com/WF090WA01_02_impedance_response.txt offset=0
         raw_value=None
         reason=HTTP Error 404: Not Found
[04:47:07] DONE problems=3
