[03:59:32] PROBLEM field=html_pdf_mismatch item=WF118WA07_08 url=http://www.wavecor.com/html/wf118wa07_08.html offset=0
         raw_value='Znom: HTML=4 PDF=8 (100% diff)'
         reason=HTML and PDF values disagree by >10%
[03:59:32] PROBLEM field=FRD_fetch item=WF118WA07_08 url=https://www.wavecor.com/Driver%20measurements%20TXT/SPL%20response/WF118WA07_08_SPL_response.txt offset=0
         raw_value=None
         reason=HTTP Error 404: Not Found
[03:59:32] PROBLEM field=IMP_fetch item=WF118WA07_08 url=https://www.wavecor.com/Driver%20measurements%20TXT/Impedance%20response/WF118WA07_08_impedance_response.txt offset=0
         raw_value=None
         reason=HTTP Error 404: Not Found
[03:59:32] DONE problems=3
[04:02:23] PROBLEM field=html_pdf_mismatch item=WF118WA07_08 url=http://www.wavecor.com/html/wf118wa07_08.html offset=0
         raw_value='Znom: HTML=4 PDF=8 (100% diff)'
         reason=HTML and PDF values disagree by >10%
[04:02:23] PROBLEM field=FRD_fetch item=WF118WA07_08 url=https://www.wavecor.com/Driver%20measurements%20TXT/SPL%20response/WF118WA07_08_SPL_response.txt offset=0
         raw_value=None
         reason=HTTP Error 404: Not Found
[04:02:24] PROBLEM field=IMP_fetch item=WF118WA07_08 url=https://www.wavecor.com/Driver%20measurements%20TXT/Impedance%20response/WF118WA07_08_impedance_response.txt offset=0
         raw_value=None
         reason=HTTP Error 404: Not Found
[04:02:24] DONE problems=3
[04:12:03] PROBLEM field=html_pdf_mismatch item=WF118WA07_08 url=http://www.wavecor.com/html/wf118wa07_08.html offset=0
         raw_value='Znom: HTML=4 PDF=8 (100% diff)'
         reason=HTML and PDF values disagree by >10%
[04:12:03] PROBLEM field=FRD_fetch item=WF118WA07_08 url=https://www.wavecor.com/Driver%20measurements%20TXT/SPL%20response/WF118WA07_08_SPL_response.txt offset=0
         raw_value=None
         reason=HTTP Error 404: Not Found
[04:12:03] PROBLEM field=IMP_fetch item=WF118WA07_08 url=https://www.wavecor.com/Driver%20measurements%20TXT/Impedance%20response/WF118WA07_08_impedance_response.txt offset=0
         raw_value=None
         reason=HTTP Error 404: Not Found
[04:12:03] DONE problems=3
[04:34:41] PROBLEM field=html_pdf_mismatch item=WF118WA07_08 url=http://www.wavecor.com/html/wf118wa07_08.html offset=0
         raw_value='Znom: HTML=4 PDF=8 (100% diff)'
         reason=HTML and PDF values disagree by >10%
[04:34:41] DONE problems=1
[04:37:49] PROBLEM field=html_pdf_mismatch item=WF118WA07_08 url=http://www.wavecor.com/html/wf118wa07_08.html offset=0
         raw_value='Znom: HTML=4 PDF=8 (100% diff)'
         reason=HTML and PDF values disagree by >10%
[04:37:49] PROBLEM field=FRD_fetch item=WF118WA07_08 url=https://www.wavecor.com/WF118WA07_08_SPL_response.txt offset=0
         raw_value=None
         reason=HTTP Error 404: Not Found
[04:37:49] PROBLEM field=IMP_fetch item=WF118WA07_08 url=https://www.wavecor.com/WF118WA07_08_impedance_response.txt offset=0
         raw_value=None
         reason=HTTP Error 404: Not Found
[04:37:49] DONE problems=3
[04:43:44] PROBLEM field=html_pdf_mismatch item=WF118WA07_08 url=http://www.wavecor.com/html/wf118wa07_08.html offset=0
         raw_value='Znom: HTML=4 PDF=8 (100% diff)'
         reason=HTML and PDF values disagree by >10%
[04:43:44] PROBLEM field=FRD_fetch item=WF118WA07_08 url=https://www.wavecor.com/WF118WA07_08_SPL_response.txt offset=0
         raw_value=None
         reason=HTTP Error 404: Not Found
[04:43:44] PROBLEM field=IMP_fetch item=WF118WA07_08 url=https://www.wavecor.com/WF118WA07_08_impedance_response.txt offset=0
         raw_value=None
         reason=HTTP Error 404: Not Found
[04:43:44] DONE problems=3
[04:46:33] PROBLEM field=html_pdf_mismatch item=WF118WA07_08 url=http://www.wavecor.com/html/wf118wa07_08.html offset=0
         raw_value='Znom: HTML=4 PDF=8 (100% diff)'
         reason=HTML and PDF values disagree by >10%
[04:46:33] PROBLEM field=FRD_fetch item=WF118WA07_08 url=https://www.wavecor.com/WF118WA07_08_SPL_response.txt offset=0
         raw_value=None
         reason=HTTP Error 404: Not Found
[04:46:33] PROBLEM field=IMP_fetch item=WF118WA07_08 url=https://www.wavecor.com/WF118WA07_08_impedance_response.txt offset=0
         raw_value=None
         reason=HTTP Error 404: Not Found
[04:46:33] DONE problems=3
[04:47:07] PROBLEM field=html_pdf_mismatch item=WF118WA07_08 url=http://www.wavecor.com/html/wf118wa07_08.html offset=0
         raw_value='Znom: HTML=4 PDF=8 (100% diff)'
         reason=HTML and PDF values disagree by >10%
[04:47:07] PROBLEM field=FRD_fetch item=WF118WA07_08 url=https://www.wavecor.com/WF118WA07_08_SPL_response.txt offset=0
         raw_value=None
         reason=HTTP Error 404: Not Found
[04:47:08] PROBLEM field=IMP_fetch item=WF118WA07_08 url=https://www.wavecor.com/WF118WA07_08_impedance_response.txt offset=0
         raw_value=None
         reason=HTTP Error 404: Not Found
[04:47:08] DONE problems=3
