[03:59:50] PROBLEM field=pdf_fetch item=WF132TU01 url=https://www.wavecor.com/Driver%20specifications%20PDF/WF132TU01_specifications.pdf offset=0
         raw_value=None
         reason=Could not download or cache PDF
[03:59:50] DONE problems=1
[04:02:42] PROBLEM field=pdf_fetch item=WF132TU01 url=https://www.wavecor.com/Driver%20specifications%20PDF/WF132TU01_specifications.pdf offset=0
         raw_value=None
         reason=Could not download or cache PDF
[04:02:42] DONE problems=1
[04:12:20] PROBLEM field=pdf_fetch item=WF132TU01 url=https://www.wavecor.com/Driver%20specifications%20PDF/WF132TU01_specifications.pdf offset=0
         raw_value=None
         reason=Could not download or cache PDF
[04:12:20] DONE problems=1
[04:35:40] DONE problems=0
[04:38:05] PROBLEM field=pdf_fetch item=WF132TU01 url=https://www.wavecor.com/WF132TU01_specifications.pdf offset=0
         raw_value=None
         reason=Could not download or cache PDF
[04:38:05] DONE problems=1
[04:43:59] PROBLEM field=pdf_fetch item=WF132TU01 url=https://www.wavecor.com/WF132TU01_specifications.pdf offset=0
         raw_value=None
         reason=Could not download or cache PDF
[04:43:59] DONE problems=1
[04:46:47] PROBLEM field=pdf_fetch item=WF132TU01 url=https://www.wavecor.com/WF132TU01_specifications.pdf offset=0
         raw_value=None
         reason=Could not download or cache PDF
[04:46:47] DONE problems=1
[04:47:24] PROBLEM field=pdf_fetch item=WF132TU01 url=https://www.wavecor.com/WF132TU01_specifications.pdf offset=0
         raw_value=None
         reason=Could not download or cache PDF
[04:47:24] DONE problems=1
