[03:59:34] PROBLEM field=FRD_fetch item=WF146WA01_02 url=https://www.wavecor.com/Driver%20measurements%20TXT/SPL%20response/WF146WA01_02_SPL_response.txt offset=0
         raw_value=None
         reason=HTTP Error 404: Not Found
[03:59:34] PROBLEM field=IMP_fetch item=WF146WA01_02 url=https://www.wavecor.com/Driver%20measurements%20TXT/Impedance%20response/WF146WA01_02_impedance_response.txt offset=0
         raw_value=None
         reason=HTTP Error 404: Not Found
[03:59:34] DONE problems=2
[04:02:25] PROBLEM field=FRD_fetch item=WF146WA01_02 url=https://www.wavecor.com/Driver%20measurements%20TXT/SPL%20response/WF146WA01_02_SPL_response.txt offset=0
         raw_value=None
         reason=HTTP Error 404: Not Found
[04:02:25] PROBLEM field=IMP_fetch item=WF146WA01_02 url=https://www.wavecor.com/Driver%20measurements%20TXT/Impedance%20response/WF146WA01_02_impedance_response.txt offset=0
         raw_value=None
         reason=HTTP Error 404: Not Found
[04:02:25] DONE problems=2
[04:12:05] PROBLEM field=FRD_fetch item=WF146WA01_02 url=https://www.wavecor.com/Driver%20measurements%20TXT/SPL%20response/WF146WA01_02_SPL_response.txt offset=0
         raw_value=None
         reason=HTTP Error 404: Not Found
[04:12:05] PROBLEM field=IMP_fetch item=WF146WA01_02 url=https://www.wavecor.com/Driver%20measurements%20TXT/Impedance%20response/WF146WA01_02_impedance_response.txt offset=0
         raw_value=None
         reason=HTTP Error 404: Not Found
[04:12:05] DONE problems=2
[04:34:46] DONE problems=0
[04:37:51] PROBLEM field=FRD_fetch item=WF146WA01_02 url=https://www.wavecor.com/WF146WA01_02_SPL_response.txt offset=0
         raw_value=None
         reason=HTTP Error 404: Not Found
[04:37:51] PROBLEM field=IMP_fetch item=WF146WA01_02 url=https://www.wavecor.com/WF146WA01_02_impedance_response.txt offset=0
         raw_value=None
         reason=HTTP Error 404: Not Found
[04:37:51] DONE problems=2
[04:43:46] PROBLEM field=FRD_fetch item=WF146WA01_02 url=https://www.wavecor.com/WF146WA01_02_SPL_response.txt offset=0
         raw_value=None
         reason=HTTP Error 404: Not Found
[04:43:46] PROBLEM field=IMP_fetch item=WF146WA01_02 url=https://www.wavecor.com/WF146WA01_02_impedance_response.txt offset=0
         raw_value=None
         reason=HTTP Error 404: Not Found
[04:43:46] DONE problems=2
[04:46:35] PROBLEM field=FRD_fetch item=WF146WA01_02 url=https://www.wavecor.com/WF146WA01_02_SPL_response.txt offset=0
         raw_value=None
         reason=HTTP Error 404: Not Found
[04:46:35] PROBLEM field=IMP_fetch item=WF146WA01_02 url=https://www.wavecor.com/WF146WA01_02_impedance_response.txt offset=0
         raw_value=None
         reason=HTTP Error 404: Not Found
[04:46:35] DONE problems=2
[04:47:09] PROBLEM field=FRD_fetch item=WF146WA01_02 url=https://www.wavecor.com/WF146WA01_02_SPL_response.txt offset=0
         raw_value=None
         reason=HTTP Error 404: Not Found
[04:47:09] PROBLEM field=IMP_fetch item=WF146WA01_02 url=https://www.wavecor.com/WF146WA01_02_impedance_response.txt offset=0
         raw_value=None
         reason=HTTP Error 404: Not Found
[04:47:09] DONE problems=2
