[03:59:35] PROBLEM field=html_pdf_mismatch item=WF152BD03_04 url=http://www.wavecor.com/html/wf152bd03_04.html offset=0
         raw_value='Znom: HTML=4 PDF=8 (100% diff)'
         reason=HTML and PDF values disagree by >10%
[03:59:35] PROBLEM field=FRD_fetch item=WF152BD03_04 url=https://www.wavecor.com/Driver%20measurements%20TXT/SPL%20response/WF152BD03_04_SPL_response.txt offset=0
         raw_value=None
         reason=HTTP Error 404: Not Found
[03:59:35] PROBLEM field=IMP_fetch item=WF152BD03_04 url=https://www.wavecor.com/Driver%20measurements%20TXT/Impedance%20response/WF152BD03_04_impedance_response.txt offset=0
         raw_value=None
         reason=HTTP Error 404: Not Found
[03:59:35] PROBLEM field=schema_fail item=WF152BD03_04 url=http://www.wavecor.com/html/wf152bd03_04.html offset=0
         raw_value="WDR: 'Qts' stored=0.35 differs from calculated=0.346004 (deps: Qms=8.9, Qes=0.36)"
         reason=File failed strict schema validation
[03:59:35] SCHEMA_FAIL errors=1
[04:02:26] PROBLEM field=html_pdf_mismatch item=WF152BD03_04 url=http://www.wavecor.com/html/wf152bd03_04.html offset=0
         raw_value='Znom: HTML=4 PDF=8 (100% diff)'
         reason=HTML and PDF values disagree by >10%
[04:02:26] PROBLEM field=FRD_fetch item=WF152BD03_04 url=https://www.wavecor.com/Driver%20measurements%20TXT/SPL%20response/WF152BD03_04_SPL_response.txt offset=0
         raw_value=None
         reason=HTTP Error 404: Not Found
[04:02:26] PROBLEM field=IMP_fetch item=WF152BD03_04 url=https://www.wavecor.com/Driver%20measurements%20TXT/Impedance%20response/WF152BD03_04_impedance_response.txt offset=0
         raw_value=None
         reason=HTTP Error 404: Not Found
[04:02:26] PROBLEM field=schema_fail item=WF152BD03_04 url=http://www.wavecor.com/html/wf152bd03_04.html offset=0
         raw_value="WDR: 'Qts' stored=0.35 differs from calculated=0.346004 (deps: Qms=8.9, Qes=0.36)"
         reason=File failed strict schema validation
[04:02:26] SCHEMA_FAIL errors=1
[04:12:06] PROBLEM field=html_pdf_mismatch item=WF152BD03_04 url=http://www.wavecor.com/html/wf152bd03_04.html offset=0
         raw_value='Znom: HTML=4 PDF=8 (100% diff)'
         reason=HTML and PDF values disagree by >10%
[04:12:06] PROBLEM field=FRD_fetch item=WF152BD03_04 url=https://www.wavecor.com/Driver%20measurements%20TXT/SPL%20response/WF152BD03_04_SPL_response.txt offset=0
         raw_value=None
         reason=HTTP Error 404: Not Found
[04:12:06] PROBLEM field=IMP_fetch item=WF152BD03_04 url=https://www.wavecor.com/Driver%20measurements%20TXT/Impedance%20response/WF152BD03_04_impedance_response.txt offset=0
         raw_value=None
         reason=HTTP Error 404: Not Found
[04:12:06] PROBLEM field=schema_fail item=WF152BD03_04 url=http://www.wavecor.com/html/wf152bd03_04.html offset=0
         raw_value="WDR: 'Qts' stored=0.35 differs from calculated=0.346004 (deps: Qms=8.9, Qes=0.36)"
         reason=File failed strict schema validation
[04:12:06] SCHEMA_FAIL errors=1
[04:34:50] PROBLEM field=html_pdf_mismatch item=WF152BD03_04 url=http://www.wavecor.com/html/wf152bd03_04.html offset=0
         raw_value='Znom: HTML=4 PDF=8 (100% diff)'
         reason=HTML and PDF values disagree by >10%
[04:34:50] PROBLEM field=schema_fail item=WF152BD03_04 url=http://www.wavecor.com/html/wf152bd03_04.html offset=0
         raw_value="WDR: 'Qts' stored=0.35 differs from calculated=0.346004 (deps: Qms=8.9, Qes=0.36)"
         reason=File failed strict schema validation
[04:34:50] SCHEMA_FAIL errors=1
[04:37:51] PROBLEM field=html_pdf_mismatch item=WF152BD03_04 url=http://www.wavecor.com/html/wf152bd03_04.html offset=0
         raw_value='Znom: HTML=4 PDF=8 (100% diff)'
         reason=HTML and PDF values disagree by >10%
[04:37:52] PROBLEM field=FRD_fetch item=WF152BD03_04 url=https://www.wavecor.com/WF152BD03_04_SPL_response.txt offset=0
         raw_value=None
         reason=HTTP Error 404: Not Found
[04:37:52] PROBLEM field=IMP_fetch item=WF152BD03_04 url=https://www.wavecor.com/WF152BD03_04_impedance_response.txt offset=0
         raw_value=None
         reason=HTTP Error 404: Not Found
[04:37:52] PROBLEM field=schema_fail item=WF152BD03_04 url=http://www.wavecor.com/html/wf152bd03_04.html offset=0
         raw_value="WDR: 'Qts' stored=0.35 differs from calculated=0.346004 (deps: Qms=8.9, Qes=0.36)"
         reason=File failed strict schema validation
[04:37:52] SCHEMA_FAIL errors=1
[04:43:46] PROBLEM field=html_pdf_mismatch item=WF152BD03_04 url=http://www.wavecor.com/html/wf152bd03_04.html offset=0
         raw_value='Znom: HTML=4 PDF=8 (100% diff)'
         reason=HTML and PDF values disagree by >10%
[04:43:46] PROBLEM field=FRD_fetch item=WF152BD03_04 url=https://www.wavecor.com/WF152BD03_04_SPL_response.txt offset=0
         raw_value=None
         reason=HTTP Error 404: Not Found
[04:43:47] PROBLEM field=IMP_fetch item=WF152BD03_04 url=https://www.wavecor.com/WF152BD03_04_impedance_response.txt offset=0
         raw_value=None
         reason=HTTP Error 404: Not Found
[04:43:47] PROBLEM field=schema_fail item=WF152BD03_04 url=http://www.wavecor.com/html/wf152bd03_04.html offset=0
         raw_value="WDR: 'Qts' stored=0.35 differs from calculated=0.346004 (deps: Qms=8.9, Qes=0.36)"
         reason=File failed strict schema validation
[04:43:47] SCHEMA_FAIL errors=1
[04:46:35] PROBLEM field=html_pdf_mismatch item=WF152BD03_04 url=http://www.wavecor.com/html/wf152bd03_04.html offset=0
         raw_value='Znom: HTML=4 PDF=8 (100% diff)'
         reason=HTML and PDF values disagree by >10%
[04:46:35] PROBLEM field=FRD_fetch item=WF152BD03_04 url=https://www.wavecor.com/WF152BD03_04_SPL_response.txt offset=0
         raw_value=None
         reason=HTTP Error 404: Not Found
[04:46:36] PROBLEM field=IMP_fetch item=WF152BD03_04 url=https://www.wavecor.com/WF152BD03_04_impedance_response.txt offset=0
         raw_value=None
         reason=HTTP Error 404: Not Found
[04:46:36] PROBLEM field=schema_fail item=WF152BD03_04 url=http://www.wavecor.com/html/wf152bd03_04.html offset=0
         raw_value="WDR: 'Qts' stored=0.35 differs from calculated=0.346004 (deps: Qms=8.9, Qes=0.36)"
         reason=File failed strict schema validation
[04:46:36] SCHEMA_FAIL errors=1
[04:47:10] PROBLEM field=html_pdf_mismatch item=WF152BD03_04 url=http://www.wavecor.com/html/wf152bd03_04.html offset=0
         raw_value='Znom: HTML=4 PDF=8 (100% diff)'
         reason=HTML and PDF values disagree by >10%
[04:47:10] PROBLEM field=FRD_fetch item=WF152BD03_04 url=https://www.wavecor.com/WF152BD03_04_SPL_response.txt offset=0
         raw_value=None
         reason=HTTP Error 404: Not Found
[04:47:10] PROBLEM field=IMP_fetch item=WF152BD03_04 url=https://www.wavecor.com/WF152BD03_04_impedance_response.txt offset=0
         raw_value=None
         reason=HTTP Error 404: Not Found
[04:47:10] PROBLEM field=schema_fail item=WF152BD03_04 url=http://www.wavecor.com/html/wf152bd03_04.html offset=0
         raw_value="WDR: 'Qts' stored=0.35 differs from calculated=0.346004 (deps: Qms=8.9, Qes=0.36)"
         reason=File failed strict schema validation
[04:47:10] SCHEMA_FAIL errors=1
