# Run 2026-06-29T03:13:59.072953 scraper=SoundImports
[03:05:21] PROBLEM field=schema_fail item=E150HE-44 url=https://www.soundimports.eu/en/dayton-audio-e150he-44.html offset=0
         raw_value="WDR: 'Vas' stored=0.00027 differs from calculated=0.00768145 (deps: roo=1.20095, c=343.684, Sd=0.0095, Cms=0.0006)"
         reason=File failed strict schema validation
[03:05:21] SCHEMA_FAIL errors=1
[03:13:58] DONE problems=0
[03:05:22] PROBLEM field=Vas_tiny_for_driver item=MX12-22 url=https://www.soundimports.eu/en/dayton-audio-mx12-22.html offset=0
         raw_value='Sd=515 cm² Vas=1.61 L (min plausible ≈ 8.6 L)'
         reason=Vas implausibly small for piston area — likely ft³-as-liters scraper bug
[03:05:22] PROBLEM field=schema_fail item=MX12-22 url=https://www.soundimports.eu/en/dayton-audio-mx12-22.html offset=0
         raw_value="WDR: 'Vas' stored=0.00161 differs from calculated=0.0450956 (deps: roo=1.20095, c=343.684, Sd=0.05147, Cms=0.00012)"
         reason=File failed strict schema validation
[03:05:22] SCHEMA_FAIL errors=1
[03:13:58] PROBLEM field=schema_fail item=MX12-22 url=https://www.soundimports.eu/en/dayton-audio-mx12-22.html offset=0
         raw_value="WDR: 'Vas' stored=0.04559 differs from calculated=0.0450956 (deps: roo=1.20095, c=343.684, Sd=0.05147, Cms=0.00012)"
         reason=File failed strict schema validation
[03:13:58] SCHEMA_FAIL errors=1
[03:05:21] PROBLEM field=schema_fail item=TCP115-8 url=https://www.soundimports.eu/en/dayton-audio-tcp115-8.html offset=0
         raw_value="WDR: 'Qts' stored=0.43 differs from calculated=0.437324 (deps: Qms=2.3, Qes=0.54)"
         reason=File failed strict schema validation
[03:05:21] PROBLEM field=schema_fail item=TCP115-8 url=https://www.soundimports.eu/en/dayton-audio-tcp115-8.html offset=0
         raw_value="WDR: 'Vas' stored=9e-05 differs from calculated=0.00251793 (deps: roo=1.20095, c=343.684, Sd=0.005, Cms=0.00071)"
         reason=File failed strict schema validation
[03:05:21] SCHEMA_FAIL errors=2
[03:13:58] PROBLEM field=schema_fail item=TCP115-8 url=https://www.soundimports.eu/en/dayton-audio-tcp115-8.html offset=0
         raw_value="WDR: 'Qts' stored=0.43 differs from calculated=0.437324 (deps: Qms=2.3, Qes=0.54)"
         reason=File failed strict schema validation
[03:13:58] PROBLEM field=schema_fail item=TCP115-8 url=https://www.soundimports.eu/en/dayton-audio-tcp115-8.html offset=0
         raw_value="WDR: 'Vas' stored=0.00254851 differs from calculated=0.00251793 (deps: roo=1.20095, c=343.684, Sd=0.005, Cms=0.00071)"
         reason=File failed strict schema validation
[03:13:58] SCHEMA_FAIL errors=2
[03:05:21] PROBLEM field=Vas_tiny_for_driver item=12SW-4HE url=https://www.soundimports.eu/en/grs-12sw-4he.html offset=0
         raw_value='Sd=507 cm² Vas=2.84 L (min plausible ≈ 8.5 L)'
         reason=Vas implausibly small for piston area — likely ft³-as-liters scraper bug
[03:05:21] PROBLEM field=schema_fail item=12SW-4HE url=https://www.soundimports.eu/en/grs-12sw-4he.html offset=0
         raw_value="WDR: 'Vas' stored=0.00284 differs from calculated=0.0803151 (deps: roo=1.20095, c=343.684, Sd=0.05073, Cms=0.00022)"
         reason=File failed strict schema validation
[03:05:21] SCHEMA_FAIL errors=1
[03:13:58] DONE problems=0
[03:05:23] PROBLEM field=schema_fail item=W3-1876S url=https://www.soundimports.eu/en/tang-band-w3-1876s.html offset=0
         raw_value="WDR: 'Vas' stored=3e-05 differs from calculated=0.000765251 (deps: roo=1.20095, c=343.684, Sd=0.0027, Cms=0.00074)"
         reason=File failed strict schema validation
[03:05:23] SCHEMA_FAIL errors=1
[03:13:58] PROBLEM field=schema_fail item=W3-1876S url=https://www.soundimports.eu/en/tang-band-w3-1876s.html offset=0
         raw_value="WDR: 'Vas' stored=0.000849504 differs from calculated=0.000765251 (deps: roo=1.20095, c=343.684, Sd=0.0027, Cms=0.00074)"
         reason=File failed strict schema validation
[03:13:58] SCHEMA_FAIL errors=1
[03:05:22] PROBLEM field=schema_fail item=W4-655F url=https://www.soundimports.eu/en/tang-band-w4-655f.html offset=0
         raw_value="WDR: 'Cms' = 1.104 above maximum 0.1 m/N"
         reason=File failed strict schema validation
[03:05:22] PROBLEM field=schema_fail item=W4-655F url=https://www.soundimports.eu/en/tang-band-w4-655f.html offset=0
         raw_value="WDR: 'Qts' stored=0.33 differs from calculated=0.323936 (deps: Qms=4.35, Qes=0.35)"
         reason=File failed strict schema validation
[03:05:22] SCHEMA_FAIL errors=2
[03:13:58] PROBLEM field=schema_fail item=W4-655F url=https://www.soundimports.eu/en/tang-band-w4-655f.html offset=0
         raw_value="WDR: 'Qts' stored=0.33 differs from calculated=0.323936 (deps: Qms=4.35, Qes=0.35)"
         reason=File failed strict schema validation
[03:13:58] SCHEMA_FAIL errors=1
[03:05:21] PROBLEM field=schema_fail item=W5-1138SMF url=https://www.soundimports.eu/en/tang-band-w5-1138smf.html offset=0
         raw_value="WDR: 'Vas' stored=0.00017 differs from calculated=0.00463769 (deps: roo=1.20095, c=343.684, Sd=0.0094, Cms=0.00037)"
         reason=File failed strict schema validation
[03:05:21] SCHEMA_FAIL errors=1
[03:13:58] PROBLEM field=schema_fail item=W5-1138SMF url=https://www.soundimports.eu/en/tang-band-w5-1138smf.html offset=0
         raw_value="WDR: 'Vas' stored=0.00481386 differs from calculated=0.00463769 (deps: roo=1.20095, c=343.684, Sd=0.0094, Cms=0.00037)"
         reason=File failed strict schema validation
[03:13:58] SCHEMA_FAIL errors=1
[03:05:22] PROBLEM field=schema_fail item=W8-1772 url=https://www.soundimports.eu/en/tang-band-w8-1772.html offset=0
         raw_value="WDR: 'Qts' stored=0.27 differs from calculated=0.266087 (deps: Qms=1.02, Qes=0.36)"
         reason=File failed strict schema validation
[03:05:22] PROBLEM field=schema_fail item=W8-1772 url=https://www.soundimports.eu/en/tang-band-w8-1772.html offset=0
         raw_value="WDR: 'Vas' stored=0.00334 differs from calculated=0.000157416 (deps: roo=1.20095, c=343.684, Sd=0.0009, Cms=0.00137)"
         reason=File failed strict schema validation
[03:05:22] SCHEMA_FAIL errors=2
[03:13:58] PROBLEM field=schema_fail item=W8-1772 url=https://www.soundimports.eu/en/tang-band-w8-1772.html offset=0
         raw_value="WDR: 'Qts' stored=0.27 differs from calculated=0.266087 (deps: Qms=1.02, Qes=0.36)"
         reason=File failed strict schema validation
[03:13:58] PROBLEM field=schema_fail item=W8-1772 url=https://www.soundimports.eu/en/tang-band-w8-1772.html offset=0
         raw_value="WDR: 'Vas' stored=0.0945781 differs from calculated=0.000157416 (deps: roo=1.20095, c=343.684, Sd=0.0009, Cms=0.00137)"
         reason=File failed strict schema validation
[03:13:58] SCHEMA_FAIL errors=2
